INFO - 2024-03-24 01:28:59 --> Session: Class initialized using 'CodeIgniter\Session\Handlers\FileHandler' driver.
INFO - 2024-03-24 01:29:22 --> Session: Class initialized using 'CodeIgniter\Session\Handlers\FileHandler' driver.
ERROR - 2024-03-24 01:29:22 --> mysqli_sql_exception: Table 'id21932813_data_krs.users' doesn't exist in /storage/ssd3/813/21932813/public_html/tugas-kelompok5/vendor/codeigniter4/framework/system/Database/MySQLi/Connection.php:306
Stack trace:
#0 /storage/ssd3/813/21932813/public_html/tugas-kelompok5/vendor/codeigniter4/framework/system/Database/MySQLi/Connection.php(306): mysqli->query()
#1 /storage/ssd3/813/21932813/public_html/tugas-kelompok5/vendor/codeigniter4/framework/system/Database/BaseConnection.php(693): CodeIgniter\Database\MySQLi\Connection->execute()
#2 /storage/ssd3/813/21932813/public_html/tugas-kelompok5/vendor/codeigniter4/framework/system/Database/BaseConnection.php(607): CodeIgniter\Database\BaseConnection->simpleQuery()
#3 /storage/ssd3/813/21932813/public_html/tugas-kelompok5/vendor/codeigniter4/framework/system/Database/BaseBuilder.php(1616): CodeIgniter\Database\BaseConnection->query()
#4 /storage/ssd3/813/21932813/public_html/tugas-kelompok5/vendor/codeigniter4/framework/system/Model.php(270): CodeIgniter\Database\BaseBuilder->get()
#5 /storage/ssd3/813/21932813/public_html/tugas-kelompok5/vendor/codeigniter4/framework/system/BaseModel.php(676): CodeIgniter\Model->doFirst()
#6 /storage/ssd3/813/21932813/public_html/tugas-kelompok5/app/Controllers/Login.php(21): CodeIgniter\BaseModel->first()
#7 /storage/ssd3/813/21932813/public_html/tugas-kelompok5/vendor/codeigniter4/framework/system/CodeIgniter.php(941): App\Controllers\Login->auth()
#8 /storage/ssd3/813/21932813/public_html/tugas-kelompok5/vendor/codeigniter4/framework/system/CodeIgniter.php(502): CodeIgniter\CodeIgniter->runController()
#9 /storage/ssd3/813/21932813/public_html/tugas-kelompok5/vendor/codeigniter4/framework/system/CodeIgniter.php(361): CodeIgniter\CodeIgniter->handleRequest()
#10 /storage/ssd3/813/21932813/public_html/tugas-kelompok5/public/index.php(79): CodeIgniter\CodeIgniter->run()
#11 {main}
CRITICAL - 2024-03-24 01:29:22 --> CodeIgniter\Database\Exceptions\DatabaseException: Table 'id21932813_data_krs.users' doesn't exist
in SYSTEMPATH/Database/BaseConnection.php on line 647.
 1 SYSTEMPATH/Database/BaseBuilder.php(1616): CodeIgniter\Database\BaseConnection->query()
 2 SYSTEMPATH/Model.php(270): CodeIgniter\Database\BaseBuilder->get()
 3 SYSTEMPATH/BaseModel.php(676): CodeIgniter\Model->doFirst()
 4 APPPATH/Controllers/Login.php(21): CodeIgniter\BaseModel->first()
 5 SYSTEMPATH/CodeIgniter.php(941): App\Controllers\Login->auth()
 6 SYSTEMPATH/CodeIgniter.php(502): CodeIgniter\CodeIgniter->runController()
 7 SYSTEMPATH/CodeIgniter.php(361): CodeIgniter\CodeIgniter->handleRequest()
 8 FCPATH/index.php(79): CodeIgniter\CodeIgniter->run()
CRITICAL - 2024-03-24 01:29:22 --> [Caused by] CodeIgniter\Database\Exceptions\DatabaseException: Table 'id21932813_data_krs.users' doesn't exist
in SYSTEMPATH/Database/MySQLi/Connection.php on line 311.
 1 SYSTEMPATH/Database/BaseConnection.php(693): CodeIgniter\Database\MySQLi\Connection->execute()
 2 SYSTEMPATH/Database/BaseConnection.php(607): CodeIgniter\Database\BaseConnection->simpleQuery()
 3 SYSTEMPATH/Database/BaseBuilder.php(1616): CodeIgniter\Database\BaseConnection->query()
 4 SYSTEMPATH/Model.php(270): CodeIgniter\Database\BaseBuilder->get()
 5 SYSTEMPATH/BaseModel.php(676): CodeIgniter\Model->doFirst()
 6 APPPATH/Controllers/Login.php(21): CodeIgniter\BaseModel->first()
 7 SYSTEMPATH/CodeIgniter.php(941): App\Controllers\Login->auth()
 8 SYSTEMPATH/CodeIgniter.php(502): CodeIgniter\CodeIgniter->runController()
 9 SYSTEMPATH/CodeIgniter.php(361): CodeIgniter\CodeIgniter->handleRequest()
10 FCPATH/index.php(79): CodeIgniter\CodeIgniter->run()
CRITICAL - 2024-03-24 01:29:22 --> [Caused by] mysqli_sql_exception: Table 'id21932813_data_krs.users' doesn't exist
in SYSTEMPATH/Database/MySQLi/Connection.php on line 306.
 1 SYSTEMPATH/Database/MySQLi/Connection.php(306): mysqli->query()
 2 SYSTEMPATH/Database/BaseConnection.php(693): CodeIgniter\Database\MySQLi\Connection->execute()
 3 SYSTEMPATH/Database/BaseConnection.php(607): CodeIgniter\Database\BaseConnection->simpleQuery()
 4 SYSTEMPATH/Database/BaseBuilder.php(1616): CodeIgniter\Database\BaseConnection->query()
 5 SYSTEMPATH/Model.php(270): CodeIgniter\Database\BaseBuilder->get()
 6 SYSTEMPATH/BaseModel.php(676): CodeIgniter\Model->doFirst()
 7 APPPATH/Controllers/Login.php(21): CodeIgniter\BaseModel->first()
 8 SYSTEMPATH/CodeIgniter.php(941): App\Controllers\Login->auth()
 9 SYSTEMPATH/CodeIgniter.php(502): CodeIgniter\CodeIgniter->runController()
10 SYSTEMPATH/CodeIgniter.php(361): CodeIgniter\CodeIgniter->handleRequest()
11 FCPATH/index.php(79): CodeIgniter\CodeIgniter->run()
INFO - 2024-03-24 01:29:51 --> Session: Class initialized using 'CodeIgniter\Session\Handlers\FileHandler' driver.
ERROR - 2024-03-24 01:29:51 --> mysqli_sql_exception: Table 'id21932813_data_krs.users' doesn't exist in /storage/ssd3/813/21932813/public_html/tugas-kelompok5/vendor/codeigniter4/framework/system/Database/MySQLi/Connection.php:306
Stack trace:
#0 /storage/ssd3/813/21932813/public_html/tugas-kelompok5/vendor/codeigniter4/framework/system/Database/MySQLi/Connection.php(306): mysqli->query()
#1 /storage/ssd3/813/21932813/public_html/tugas-kelompok5/vendor/codeigniter4/framework/system/Database/BaseConnection.php(693): CodeIgniter\Database\MySQLi\Connection->execute()
#2 /storage/ssd3/813/21932813/public_html/tugas-kelompok5/vendor/codeigniter4/framework/system/Database/BaseConnection.php(607): CodeIgniter\Database\BaseConnection->simpleQuery()
#3 /storage/ssd3/813/21932813/public_html/tugas-kelompok5/vendor/codeigniter4/framework/system/Database/BaseBuilder.php(1616): CodeIgniter\Database\BaseConnection->query()
#4 /storage/ssd3/813/21932813/public_html/tugas-kelompok5/vendor/codeigniter4/framework/system/Model.php(270): CodeIgniter\Database\BaseBuilder->get()
#5 /storage/ssd3/813/21932813/public_html/tugas-kelompok5/vendor/codeigniter4/framework/system/BaseModel.php(676): CodeIgniter\Model->doFirst()
#6 /storage/ssd3/813/21932813/public_html/tugas-kelompok5/app/Controllers/Login.php(21): CodeIgniter\BaseModel->first()
#7 /storage/ssd3/813/21932813/public_html/tugas-kelompok5/vendor/codeigniter4/framework/system/CodeIgniter.php(941): App\Controllers\Login->auth()
#8 /storage/ssd3/813/21932813/public_html/tugas-kelompok5/vendor/codeigniter4/framework/system/CodeIgniter.php(502): CodeIgniter\CodeIgniter->runController()
#9 /storage/ssd3/813/21932813/public_html/tugas-kelompok5/vendor/codeigniter4/framework/system/CodeIgniter.php(361): CodeIgniter\CodeIgniter->handleRequest()
#10 /storage/ssd3/813/21932813/public_html/tugas-kelompok5/public/index.php(79): CodeIgniter\CodeIgniter->run()
#11 {main}
CRITICAL - 2024-03-24 01:29:51 --> CodeIgniter\Database\Exceptions\DatabaseException: Table 'id21932813_data_krs.users' doesn't exist
in SYSTEMPATH/Database/BaseConnection.php on line 647.
 1 SYSTEMPATH/Database/BaseBuilder.php(1616): CodeIgniter\Database\BaseConnection->query()
 2 SYSTEMPATH/Model.php(270): CodeIgniter\Database\BaseBuilder->get()
 3 SYSTEMPATH/BaseModel.php(676): CodeIgniter\Model->doFirst()
 4 APPPATH/Controllers/Login.php(21): CodeIgniter\BaseModel->first()
 5 SYSTEMPATH/CodeIgniter.php(941): App\Controllers\Login->auth()
 6 SYSTEMPATH/CodeIgniter.php(502): CodeIgniter\CodeIgniter->runController()
 7 SYSTEMPATH/CodeIgniter.php(361): CodeIgniter\CodeIgniter->handleRequest()
 8 FCPATH/index.php(79): CodeIgniter\CodeIgniter->run()
CRITICAL - 2024-03-24 01:29:51 --> [Caused by] CodeIgniter\Database\Exceptions\DatabaseException: Table 'id21932813_data_krs.users' doesn't exist
in SYSTEMPATH/Database/MySQLi/Connection.php on line 311.
 1 SYSTEMPATH/Database/BaseConnection.php(693): CodeIgniter\Database\MySQLi\Connection->execute()
 2 SYSTEMPATH/Database/BaseConnection.php(607): CodeIgniter\Database\BaseConnection->simpleQuery()
 3 SYSTEMPATH/Database/BaseBuilder.php(1616): CodeIgniter\Database\BaseConnection->query()
 4 SYSTEMPATH/Model.php(270): CodeIgniter\Database\BaseBuilder->get()
 5 SYSTEMPATH/BaseModel.php(676): CodeIgniter\Model->doFirst()
 6 APPPATH/Controllers/Login.php(21): CodeIgniter\BaseModel->first()
 7 SYSTEMPATH/CodeIgniter.php(941): App\Controllers\Login->auth()
 8 SYSTEMPATH/CodeIgniter.php(502): CodeIgniter\CodeIgniter->runController()
 9 SYSTEMPATH/CodeIgniter.php(361): CodeIgniter\CodeIgniter->handleRequest()
10 FCPATH/index.php(79): CodeIgniter\CodeIgniter->run()
CRITICAL - 2024-03-24 01:29:51 --> [Caused by] mysqli_sql_exception: Table 'id21932813_data_krs.users' doesn't exist
in SYSTEMPATH/Database/MySQLi/Connection.php on line 306.
 1 SYSTEMPATH/Database/MySQLi/Connection.php(306): mysqli->query()
 2 SYSTEMPATH/Database/BaseConnection.php(693): CodeIgniter\Database\MySQLi\Connection->execute()
 3 SYSTEMPATH/Database/BaseConnection.php(607): CodeIgniter\Database\BaseConnection->simpleQuery()
 4 SYSTEMPATH/Database/BaseBuilder.php(1616): CodeIgniter\Database\BaseConnection->query()
 5 SYSTEMPATH/Model.php(270): CodeIgniter\Database\BaseBuilder->get()
 6 SYSTEMPATH/BaseModel.php(676): CodeIgniter\Model->doFirst()
 7 APPPATH/Controllers/Login.php(21): CodeIgniter\BaseModel->first()
 8 SYSTEMPATH/CodeIgniter.php(941): App\Controllers\Login->auth()
 9 SYSTEMPATH/CodeIgniter.php(502): CodeIgniter\CodeIgniter->runController()
10 SYSTEMPATH/CodeIgniter.php(361): CodeIgniter\CodeIgniter->handleRequest()
11 FCPATH/index.php(79): CodeIgniter\CodeIgniter->run()
INFO - 2024-03-24 01:30:02 --> Session: Class initialized using 'CodeIgniter\Session\Handlers\FileHandler' driver.
INFO - 2024-03-24 01:30:07 --> Session: Class initialized using 'CodeIgniter\Session\Handlers\FileHandler' driver.
ERROR - 2024-03-24 01:30:07 --> mysqli_sql_exception: Table 'id21932813_data_krs.users' doesn't exist in /storage/ssd3/813/21932813/public_html/tugas-kelompok5/vendor/codeigniter4/framework/system/Database/MySQLi/Connection.php:306
Stack trace:
#0 /storage/ssd3/813/21932813/public_html/tugas-kelompok5/vendor/codeigniter4/framework/system/Database/MySQLi/Connection.php(306): mysqli->query()
#1 /storage/ssd3/813/21932813/public_html/tugas-kelompok5/vendor/codeigniter4/framework/system/Database/BaseConnection.php(693): CodeIgniter\Database\MySQLi\Connection->execute()
#2 /storage/ssd3/813/21932813/public_html/tugas-kelompok5/vendor/codeigniter4/framework/system/Database/BaseConnection.php(607): CodeIgniter\Database\BaseConnection->simpleQuery()
#3 /storage/ssd3/813/21932813/public_html/tugas-kelompok5/vendor/codeigniter4/framework/system/Database/BaseBuilder.php(1616): CodeIgniter\Database\BaseConnection->query()
#4 /storage/ssd3/813/21932813/public_html/tugas-kelompok5/vendor/codeigniter4/framework/system/Model.php(270): CodeIgniter\Database\BaseBuilder->get()
#5 /storage/ssd3/813/21932813/public_html/tugas-kelompok5/vendor/codeigniter4/framework/system/BaseModel.php(676): CodeIgniter\Model->doFirst()
#6 /storage/ssd3/813/21932813/public_html/tugas-kelompok5/app/Controllers/Login.php(21): CodeIgniter\BaseModel->first()
#7 /storage/ssd3/813/21932813/public_html/tugas-kelompok5/vendor/codeigniter4/framework/system/CodeIgniter.php(941): App\Controllers\Login->auth()
#8 /storage/ssd3/813/21932813/public_html/tugas-kelompok5/vendor/codeigniter4/framework/system/CodeIgniter.php(502): CodeIgniter\CodeIgniter->runController()
#9 /storage/ssd3/813/21932813/public_html/tugas-kelompok5/vendor/codeigniter4/framework/system/CodeIgniter.php(361): CodeIgniter\CodeIgniter->handleRequest()
#10 /storage/ssd3/813/21932813/public_html/tugas-kelompok5/public/index.php(79): CodeIgniter\CodeIgniter->run()
#11 {main}
CRITICAL - 2024-03-24 01:30:07 --> CodeIgniter\Database\Exceptions\DatabaseException: Table 'id21932813_data_krs.users' doesn't exist
in SYSTEMPATH/Database/BaseConnection.php on line 647.
 1 SYSTEMPATH/Database/BaseBuilder.php(1616): CodeIgniter\Database\BaseConnection->query()
 2 SYSTEMPATH/Model.php(270): CodeIgniter\Database\BaseBuilder->get()
 3 SYSTEMPATH/BaseModel.php(676): CodeIgniter\Model->doFirst()
 4 APPPATH/Controllers/Login.php(21): CodeIgniter\BaseModel->first()
 5 SYSTEMPATH/CodeIgniter.php(941): App\Controllers\Login->auth()
 6 SYSTEMPATH/CodeIgniter.php(502): CodeIgniter\CodeIgniter->runController()
 7 SYSTEMPATH/CodeIgniter.php(361): CodeIgniter\CodeIgniter->handleRequest()
 8 FCPATH/index.php(79): CodeIgniter\CodeIgniter->run()
CRITICAL - 2024-03-24 01:30:07 --> [Caused by] CodeIgniter\Database\Exceptions\DatabaseException: Table 'id21932813_data_krs.users' doesn't exist
in SYSTEMPATH/Database/MySQLi/Connection.php on line 311.
 1 SYSTEMPATH/Database/BaseConnection.php(693): CodeIgniter\Database\MySQLi\Connection->execute()
 2 SYSTEMPATH/Database/BaseConnection.php(607): CodeIgniter\Database\BaseConnection->simpleQuery()
 3 SYSTEMPATH/Database/BaseBuilder.php(1616): CodeIgniter\Database\BaseConnection->query()
 4 SYSTEMPATH/Model.php(270): CodeIgniter\Database\BaseBuilder->get()
 5 SYSTEMPATH/BaseModel.php(676): CodeIgniter\Model->doFirst()
 6 APPPATH/Controllers/Login.php(21): CodeIgniter\BaseModel->first()
 7 SYSTEMPATH/CodeIgniter.php(941): App\Controllers\Login->auth()
 8 SYSTEMPATH/CodeIgniter.php(502): CodeIgniter\CodeIgniter->runController()
 9 SYSTEMPATH/CodeIgniter.php(361): CodeIgniter\CodeIgniter->handleRequest()
10 FCPATH/index.php(79): CodeIgniter\CodeIgniter->run()
CRITICAL - 2024-03-24 01:30:07 --> [Caused by] mysqli_sql_exception: Table 'id21932813_data_krs.users' doesn't exist
in SYSTEMPATH/Database/MySQLi/Connection.php on line 306.
 1 SYSTEMPATH/Database/MySQLi/Connection.php(306): mysqli->query()
 2 SYSTEMPATH/Database/BaseConnection.php(693): CodeIgniter\Database\MySQLi\Connection->execute()
 3 SYSTEMPATH/Database/BaseConnection.php(607): CodeIgniter\Database\BaseConnection->simpleQuery()
 4 SYSTEMPATH/Database/BaseBuilder.php(1616): CodeIgniter\Database\BaseConnection->query()
 5 SYSTEMPATH/Model.php(270): CodeIgniter\Database\BaseBuilder->get()
 6 SYSTEMPATH/BaseModel.php(676): CodeIgniter\Model->doFirst()
 7 APPPATH/Controllers/Login.php(21): CodeIgniter\BaseModel->first()
 8 SYSTEMPATH/CodeIgniter.php(941): App\Controllers\Login->auth()
 9 SYSTEMPATH/CodeIgniter.php(502): CodeIgniter\CodeIgniter->runController()
10 SYSTEMPATH/CodeIgniter.php(361): CodeIgniter\CodeIgniter->handleRequest()
11 FCPATH/index.php(79): CodeIgniter\CodeIgniter->run()
INFO - 2024-03-24 01:30:29 --> Session: Class initialized using 'CodeIgniter\Session\Handlers\FileHandler' driver.
INFO - 2024-03-24 01:30:46 --> Session: Class initialized using 'CodeIgniter\Session\Handlers\FileHandler' driver.
INFO - 2024-03-24 01:30:49 --> Session: Class initialized using 'CodeIgniter\Session\Handlers\FileHandler' driver.
ERROR - 2024-03-24 01:30:49 --> mysqli_sql_exception: Table 'id21932813_data_krs.users' doesn't exist in /storage/ssd3/813/21932813/public_html/tugas-kelompok5/vendor/codeigniter4/framework/system/Database/MySQLi/Connection.php:306
Stack trace:
#0 /storage/ssd3/813/21932813/public_html/tugas-kelompok5/vendor/codeigniter4/framework/system/Database/MySQLi/Connection.php(306): mysqli->query()
#1 /storage/ssd3/813/21932813/public_html/tugas-kelompok5/vendor/codeigniter4/framework/system/Database/BaseConnection.php(693): CodeIgniter\Database\MySQLi\Connection->execute()
#2 /storage/ssd3/813/21932813/public_html/tugas-kelompok5/vendor/codeigniter4/framework/system/Database/BaseConnection.php(607): CodeIgniter\Database\BaseConnection->simpleQuery()
#3 /storage/ssd3/813/21932813/public_html/tugas-kelompok5/vendor/codeigniter4/framework/system/Database/BaseBuilder.php(1616): CodeIgniter\Database\BaseConnection->query()
#4 /storage/ssd3/813/21932813/public_html/tugas-kelompok5/vendor/codeigniter4/framework/system/Model.php(270): CodeIgniter\Database\BaseBuilder->get()
#5 /storage/ssd3/813/21932813/public_html/tugas-kelompok5/vendor/codeigniter4/framework/system/BaseModel.php(676): CodeIgniter\Model->doFirst()
#6 /storage/ssd3/813/21932813/public_html/tugas-kelompok5/app/Controllers/Login.php(21): CodeIgniter\BaseModel->first()
#7 /storage/ssd3/813/21932813/public_html/tugas-kelompok5/vendor/codeigniter4/framework/system/CodeIgniter.php(941): App\Controllers\Login->auth()
#8 /storage/ssd3/813/21932813/public_html/tugas-kelompok5/vendor/codeigniter4/framework/system/CodeIgniter.php(502): CodeIgniter\CodeIgniter->runController()
#9 /storage/ssd3/813/21932813/public_html/tugas-kelompok5/vendor/codeigniter4/framework/system/CodeIgniter.php(361): CodeIgniter\CodeIgniter->handleRequest()
#10 /storage/ssd3/813/21932813/public_html/tugas-kelompok5/public/index.php(79): CodeIgniter\CodeIgniter->run()
#11 {main}
CRITICAL - 2024-03-24 01:30:49 --> CodeIgniter\Database\Exceptions\DatabaseException: Table 'id21932813_data_krs.users' doesn't exist
in SYSTEMPATH/Database/BaseConnection.php on line 647.
 1 SYSTEMPATH/Database/BaseBuilder.php(1616): CodeIgniter\Database\BaseConnection->query()
 2 SYSTEMPATH/Model.php(270): CodeIgniter\Database\BaseBuilder->get()
 3 SYSTEMPATH/BaseModel.php(676): CodeIgniter\Model->doFirst()
 4 APPPATH/Controllers/Login.php(21): CodeIgniter\BaseModel->first()
 5 SYSTEMPATH/CodeIgniter.php(941): App\Controllers\Login->auth()
 6 SYSTEMPATH/CodeIgniter.php(502): CodeIgniter\CodeIgniter->runController()
 7 SYSTEMPATH/CodeIgniter.php(361): CodeIgniter\CodeIgniter->handleRequest()
 8 FCPATH/index.php(79): CodeIgniter\CodeIgniter->run()
CRITICAL - 2024-03-24 01:30:49 --> [Caused by] CodeIgniter\Database\Exceptions\DatabaseException: Table 'id21932813_data_krs.users' doesn't exist
in SYSTEMPATH/Database/MySQLi/Connection.php on line 311.
 1 SYSTEMPATH/Database/BaseConnection.php(693): CodeIgniter\Database\MySQLi\Connection->execute()
 2 SYSTEMPATH/Database/BaseConnection.php(607): CodeIgniter\Database\BaseConnection->simpleQuery()
 3 SYSTEMPATH/Database/BaseBuilder.php(1616): CodeIgniter\Database\BaseConnection->query()
 4 SYSTEMPATH/Model.php(270): CodeIgniter\Database\BaseBuilder->get()
 5 SYSTEMPATH/BaseModel.php(676): CodeIgniter\Model->doFirst()
 6 APPPATH/Controllers/Login.php(21): CodeIgniter\BaseModel->first()
 7 SYSTEMPATH/CodeIgniter.php(941): App\Controllers\Login->auth()
 8 SYSTEMPATH/CodeIgniter.php(502): CodeIgniter\CodeIgniter->runController()
 9 SYSTEMPATH/CodeIgniter.php(361): CodeIgniter\CodeIgniter->handleRequest()
10 FCPATH/index.php(79): CodeIgniter\CodeIgniter->run()
CRITICAL - 2024-03-24 01:30:49 --> [Caused by] mysqli_sql_exception: Table 'id21932813_data_krs.users' doesn't exist
in SYSTEMPATH/Database/MySQLi/Connection.php on line 306.
 1 SYSTEMPATH/Database/MySQLi/Connection.php(306): mysqli->query()
 2 SYSTEMPATH/Database/BaseConnection.php(693): CodeIgniter\Database\MySQLi\Connection->execute()
 3 SYSTEMPATH/Database/BaseConnection.php(607): CodeIgniter\Database\BaseConnection->simpleQuery()
 4 SYSTEMPATH/Database/BaseBuilder.php(1616): CodeIgniter\Database\BaseConnection->query()
 5 SYSTEMPATH/Model.php(270): CodeIgniter\Database\BaseBuilder->get()
 6 SYSTEMPATH/BaseModel.php(676): CodeIgniter\Model->doFirst()
 7 APPPATH/Controllers/Login.php(21): CodeIgniter\BaseModel->first()
 8 SYSTEMPATH/CodeIgniter.php(941): App\Controllers\Login->auth()
 9 SYSTEMPATH/CodeIgniter.php(502): CodeIgniter\CodeIgniter->runController()
10 SYSTEMPATH/CodeIgniter.php(361): CodeIgniter\CodeIgniter->handleRequest()
11 FCPATH/index.php(79): CodeIgniter\CodeIgniter->run()
INFO - 2024-03-24 04:58:22 --> Session: Class initialized using 'CodeIgniter\Session\Handlers\FileHandler' driver.
INFO - 2024-03-24 07:33:56 --> Session: Class initialized using 'CodeIgniter\Session\Handlers\FileHandler' driver.
INFO - 2024-03-24 07:34:00 --> Session: Class initialized using 'CodeIgniter\Session\Handlers\FileHandler' driver.
ERROR - 2024-03-24 07:34:00 --> mysqli_sql_exception: Table 'id21932813_data_krs.users' doesn't exist in /storage/ssd3/813/21932813/public_html/tugas-kelompok5/vendor/codeigniter4/framework/system/Database/MySQLi/Connection.php:306
Stack trace:
#0 /storage/ssd3/813/21932813/public_html/tugas-kelompok5/vendor/codeigniter4/framework/system/Database/MySQLi/Connection.php(306): mysqli->query()
#1 /storage/ssd3/813/21932813/public_html/tugas-kelompok5/vendor/codeigniter4/framework/system/Database/BaseConnection.php(693): CodeIgniter\Database\MySQLi\Connection->execute()
#2 /storage/ssd3/813/21932813/public_html/tugas-kelompok5/vendor/codeigniter4/framework/system/Database/BaseConnection.php(607): CodeIgniter\Database\BaseConnection->simpleQuery()
#3 /storage/ssd3/813/21932813/public_html/tugas-kelompok5/vendor/codeigniter4/framework/system/Database/BaseBuilder.php(1616): CodeIgniter\Database\BaseConnection->query()
#4 /storage/ssd3/813/21932813/public_html/tugas-kelompok5/vendor/codeigniter4/framework/system/Model.php(270): CodeIgniter\Database\BaseBuilder->get()
#5 /storage/ssd3/813/21932813/public_html/tugas-kelompok5/vendor/codeigniter4/framework/system/BaseModel.php(676): CodeIgniter\Model->doFirst()
#6 /storage/ssd3/813/21932813/public_html/tugas-kelompok5/app/Controllers/Login.php(21): CodeIgniter\BaseModel->first()
#7 /storage/ssd3/813/21932813/public_html/tugas-kelompok5/vendor/codeigniter4/framework/system/CodeIgniter.php(941): App\Controllers\Login->auth()
#8 /storage/ssd3/813/21932813/public_html/tugas-kelompok5/vendor/codeigniter4/framework/system/CodeIgniter.php(502): CodeIgniter\CodeIgniter->runController()
#9 /storage/ssd3/813/21932813/public_html/tugas-kelompok5/vendor/codeigniter4/framework/system/CodeIgniter.php(361): CodeIgniter\CodeIgniter->handleRequest()
#10 /storage/ssd3/813/21932813/public_html/tugas-kelompok5/public/index.php(79): CodeIgniter\CodeIgniter->run()
#11 {main}
CRITICAL - 2024-03-24 07:34:00 --> CodeIgniter\Database\Exceptions\DatabaseException: Table 'id21932813_data_krs.users' doesn't exist
in SYSTEMPATH/Database/BaseConnection.php on line 647.
 1 SYSTEMPATH/Database/BaseBuilder.php(1616): CodeIgniter\Database\BaseConnection->query()
 2 SYSTEMPATH/Model.php(270): CodeIgniter\Database\BaseBuilder->get()
 3 SYSTEMPATH/BaseModel.php(676): CodeIgniter\Model->doFirst()
 4 APPPATH/Controllers/Login.php(21): CodeIgniter\BaseModel->first()
 5 SYSTEMPATH/CodeIgniter.php(941): App\Controllers\Login->auth()
 6 SYSTEMPATH/CodeIgniter.php(502): CodeIgniter\CodeIgniter->runController()
 7 SYSTEMPATH/CodeIgniter.php(361): CodeIgniter\CodeIgniter->handleRequest()
 8 FCPATH/index.php(79): CodeIgniter\CodeIgniter->run()
CRITICAL - 2024-03-24 07:34:00 --> [Caused by] CodeIgniter\Database\Exceptions\DatabaseException: Table 'id21932813_data_krs.users' doesn't exist
in SYSTEMPATH/Database/MySQLi/Connection.php on line 311.
 1 SYSTEMPATH/Database/BaseConnection.php(693): CodeIgniter\Database\MySQLi\Connection->execute()
 2 SYSTEMPATH/Database/BaseConnection.php(607): CodeIgniter\Database\BaseConnection->simpleQuery()
 3 SYSTEMPATH/Database/BaseBuilder.php(1616): CodeIgniter\Database\BaseConnection->query()
 4 SYSTEMPATH/Model.php(270): CodeIgniter\Database\BaseBuilder->get()
 5 SYSTEMPATH/BaseModel.php(676): CodeIgniter\Model->doFirst()
 6 APPPATH/Controllers/Login.php(21): CodeIgniter\BaseModel->first()
 7 SYSTEMPATH/CodeIgniter.php(941): App\Controllers\Login->auth()
 8 SYSTEMPATH/CodeIgniter.php(502): CodeIgniter\CodeIgniter->runController()
 9 SYSTEMPATH/CodeIgniter.php(361): CodeIgniter\CodeIgniter->handleRequest()
10 FCPATH/index.php(79): CodeIgniter\CodeIgniter->run()
CRITICAL - 2024-03-24 07:34:00 --> [Caused by] mysqli_sql_exception: Table 'id21932813_data_krs.users' doesn't exist
in SYSTEMPATH/Database/MySQLi/Connection.php on line 306.
 1 SYSTEMPATH/Database/MySQLi/Connection.php(306): mysqli->query()
 2 SYSTEMPATH/Database/BaseConnection.php(693): CodeIgniter\Database\MySQLi\Connection->execute()
 3 SYSTEMPATH/Database/BaseConnection.php(607): CodeIgniter\Database\BaseConnection->simpleQuery()
 4 SYSTEMPATH/Database/BaseBuilder.php(1616): CodeIgniter\Database\BaseConnection->query()
 5 SYSTEMPATH/Model.php(270): CodeIgniter\Database\BaseBuilder->get()
 6 SYSTEMPATH/BaseModel.php(676): CodeIgniter\Model->doFirst()
 7 APPPATH/Controllers/Login.php(21): CodeIgniter\BaseModel->first()
 8 SYSTEMPATH/CodeIgniter.php(941): App\Controllers\Login->auth()
 9 SYSTEMPATH/CodeIgniter.php(502): CodeIgniter\CodeIgniter->runController()
10 SYSTEMPATH/CodeIgniter.php(361): CodeIgniter\CodeIgniter->handleRequest()
11 FCPATH/index.php(79): CodeIgniter\CodeIgniter->run()
INFO - 2024-03-24 07:50:44 --> Session: Class initialized using 'CodeIgniter\Session\Handlers\FileHandler' driver.
INFO - 2024-03-24 07:50:52 --> Session: Class initialized using 'CodeIgniter\Session\Handlers\FileHandler' driver.
INFO - 2024-03-24 07:50:56 --> Session: Class initialized using 'CodeIgniter\Session\Handlers\FileHandler' driver.
ERROR - 2024-03-24 07:50:56 --> mysqli_sql_exception: Unknown column 'user_email' in 'where clause' in /storage/ssd3/813/21932813/public_html/tugas-kelompok5/vendor/codeigniter4/framework/system/Database/MySQLi/Connection.php:306
Stack trace:
#0 /storage/ssd3/813/21932813/public_html/tugas-kelompok5/vendor/codeigniter4/framework/system/Database/MySQLi/Connection.php(306): mysqli->query()
#1 /storage/ssd3/813/21932813/public_html/tugas-kelompok5/vendor/codeigniter4/framework/system/Database/BaseConnection.php(693): CodeIgniter\Database\MySQLi\Connection->execute()
#2 /storage/ssd3/813/21932813/public_html/tugas-kelompok5/vendor/codeigniter4/framework/system/Database/BaseConnection.php(607): CodeIgniter\Database\BaseConnection->simpleQuery()
#3 /storage/ssd3/813/21932813/public_html/tugas-kelompok5/vendor/codeigniter4/framework/system/Database/BaseBuilder.php(1616): CodeIgniter\Database\BaseConnection->query()
#4 /storage/ssd3/813/21932813/public_html/tugas-kelompok5/vendor/codeigniter4/framework/system/Model.php(270): CodeIgniter\Database\BaseBuilder->get()
#5 /storage/ssd3/813/21932813/public_html/tugas-kelompok5/vendor/codeigniter4/framework/system/BaseModel.php(676): CodeIgniter\Model->doFirst()
#6 /storage/ssd3/813/21932813/public_html/tugas-kelompok5/app/Controllers/Login.php(21): CodeIgniter\BaseModel->first()
#7 /storage/ssd3/813/21932813/public_html/tugas-kelompok5/vendor/codeigniter4/framework/system/CodeIgniter.php(941): App\Controllers\Login->auth()
#8 /storage/ssd3/813/21932813/public_html/tugas-kelompok5/vendor/codeigniter4/framework/system/CodeIgniter.php(502): CodeIgniter\CodeIgniter->runController()
#9 /storage/ssd3/813/21932813/public_html/tugas-kelompok5/vendor/codeigniter4/framework/system/CodeIgniter.php(361): CodeIgniter\CodeIgniter->handleRequest()
#10 /storage/ssd3/813/21932813/public_html/tugas-kelompok5/public/index.php(79): CodeIgniter\CodeIgniter->run()
#11 {main}
CRITICAL - 2024-03-24 07:50:56 --> CodeIgniter\Database\Exceptions\DatabaseException: Unknown column 'user_email' in 'where clause'
in SYSTEMPATH/Database/BaseConnection.php on line 647.
 1 SYSTEMPATH/Database/BaseBuilder.php(1616): CodeIgniter\Database\BaseConnection->query()
 2 SYSTEMPATH/Model.php(270): CodeIgniter\Database\BaseBuilder->get()
 3 SYSTEMPATH/BaseModel.php(676): CodeIgniter\Model->doFirst()
 4 APPPATH/Controllers/Login.php(21): CodeIgniter\BaseModel->first()
 5 SYSTEMPATH/CodeIgniter.php(941): App\Controllers\Login->auth()
 6 SYSTEMPATH/CodeIgniter.php(502): CodeIgniter\CodeIgniter->runController()
 7 SYSTEMPATH/CodeIgniter.php(361): CodeIgniter\CodeIgniter->handleRequest()
 8 FCPATH/index.php(79): CodeIgniter\CodeIgniter->run()
CRITICAL - 2024-03-24 07:50:56 --> [Caused by] CodeIgniter\Database\Exceptions\DatabaseException: Unknown column 'user_email' in 'where clause'
in SYSTEMPATH/Database/MySQLi/Connection.php on line 311.
 1 SYSTEMPATH/Database/BaseConnection.php(693): CodeIgniter\Database\MySQLi\Connection->execute()
 2 SYSTEMPATH/Database/BaseConnection.php(607): CodeIgniter\Database\BaseConnection->simpleQuery()
 3 SYSTEMPATH/Database/BaseBuilder.php(1616): CodeIgniter\Database\BaseConnection->query()
 4 SYSTEMPATH/Model.php(270): CodeIgniter\Database\BaseBuilder->get()
 5 SYSTEMPATH/BaseModel.php(676): CodeIgniter\Model->doFirst()
 6 APPPATH/Controllers/Login.php(21): CodeIgniter\BaseModel->first()
 7 SYSTEMPATH/CodeIgniter.php(941): App\Controllers\Login->auth()
 8 SYSTEMPATH/CodeIgniter.php(502): CodeIgniter\CodeIgniter->runController()
 9 SYSTEMPATH/CodeIgniter.php(361): CodeIgniter\CodeIgniter->handleRequest()
10 FCPATH/index.php(79): CodeIgniter\CodeIgniter->run()
CRITICAL - 2024-03-24 07:50:56 --> [Caused by] mysqli_sql_exception: Unknown column 'user_email' in 'where clause'
in SYSTEMPATH/Database/MySQLi/Connection.php on line 306.
 1 SYSTEMPATH/Database/MySQLi/Connection.php(306): mysqli->query()
 2 SYSTEMPATH/Database/BaseConnection.php(693): CodeIgniter\Database\MySQLi\Connection->execute()
 3 SYSTEMPATH/Database/BaseConnection.php(607): CodeIgniter\Database\BaseConnection->simpleQuery()
 4 SYSTEMPATH/Database/BaseBuilder.php(1616): CodeIgniter\Database\BaseConnection->query()
 5 SYSTEMPATH/Model.php(270): CodeIgniter\Database\BaseBuilder->get()
 6 SYSTEMPATH/BaseModel.php(676): CodeIgniter\Model->doFirst()
 7 APPPATH/Controllers/Login.php(21): CodeIgniter\BaseModel->first()
 8 SYSTEMPATH/CodeIgniter.php(941): App\Controllers\Login->auth()
 9 SYSTEMPATH/CodeIgniter.php(502): CodeIgniter\CodeIgniter->runController()
10 SYSTEMPATH/CodeIgniter.php(361): CodeIgniter\CodeIgniter->handleRequest()
11 FCPATH/index.php(79): CodeIgniter\CodeIgniter->run()
INFO - 2024-03-24 07:55:47 --> Session: Class initialized using 'CodeIgniter\Session\Handlers\FileHandler' driver.
INFO - 2024-03-24 07:55:51 --> Session: Class initialized using 'CodeIgniter\Session\Handlers\FileHandler' driver.
ERROR - 2024-03-24 07:55:51 --> mysqli_sql_exception: Unknown column 'user_email' in 'where clause' in /storage/ssd3/813/21932813/public_html/tugas-kelompok5/vendor/codeigniter4/framework/system/Database/MySQLi/Connection.php:306
Stack trace:
#0 /storage/ssd3/813/21932813/public_html/tugas-kelompok5/vendor/codeigniter4/framework/system/Database/MySQLi/Connection.php(306): mysqli->query()
#1 /storage/ssd3/813/21932813/public_html/tugas-kelompok5/vendor/codeigniter4/framework/system/Database/BaseConnection.php(693): CodeIgniter\Database\MySQLi\Connection->execute()
#2 /storage/ssd3/813/21932813/public_html/tugas-kelompok5/vendor/codeigniter4/framework/system/Database/BaseConnection.php(607): CodeIgniter\Database\BaseConnection->simpleQuery()
#3 /storage/ssd3/813/21932813/public_html/tugas-kelompok5/vendor/codeigniter4/framework/system/Database/BaseBuilder.php(1616): CodeIgniter\Database\BaseConnection->query()
#4 /storage/ssd3/813/21932813/public_html/tugas-kelompok5/vendor/codeigniter4/framework/system/Model.php(270): CodeIgniter\Database\BaseBuilder->get()
#5 /storage/ssd3/813/21932813/public_html/tugas-kelompok5/vendor/codeigniter4/framework/system/BaseModel.php(676): CodeIgniter\Model->doFirst()
#6 /storage/ssd3/813/21932813/public_html/tugas-kelompok5/app/Controllers/Login.php(21): CodeIgniter\BaseModel->first()
#7 /storage/ssd3/813/21932813/public_html/tugas-kelompok5/vendor/codeigniter4/framework/system/CodeIgniter.php(941): App\Controllers\Login->auth()
#8 /storage/ssd3/813/21932813/public_html/tugas-kelompok5/vendor/codeigniter4/framework/system/CodeIgniter.php(502): CodeIgniter\CodeIgniter->runController()
#9 /storage/ssd3/813/21932813/public_html/tugas-kelompok5/vendor/codeigniter4/framework/system/CodeIgniter.php(361): CodeIgniter\CodeIgniter->handleRequest()
#10 /storage/ssd3/813/21932813/public_html/tugas-kelompok5/public/index.php(79): CodeIgniter\CodeIgniter->run()
#11 {main}
CRITICAL - 2024-03-24 07:55:51 --> CodeIgniter\Database\Exceptions\DatabaseException: Unknown column 'user_email' in 'where clause'
in SYSTEMPATH/Database/BaseConnection.php on line 647.
 1 SYSTEMPATH/Database/BaseBuilder.php(1616): CodeIgniter\Database\BaseConnection->query()
 2 SYSTEMPATH/Model.php(270): CodeIgniter\Database\BaseBuilder->get()
 3 SYSTEMPATH/BaseModel.php(676): CodeIgniter\Model->doFirst()
 4 APPPATH/Controllers/Login.php(21): CodeIgniter\BaseModel->first()
 5 SYSTEMPATH/CodeIgniter.php(941): App\Controllers\Login->auth()
 6 SYSTEMPATH/CodeIgniter.php(502): CodeIgniter\CodeIgniter->runController()
 7 SYSTEMPATH/CodeIgniter.php(361): CodeIgniter\CodeIgniter->handleRequest()
 8 FCPATH/index.php(79): CodeIgniter\CodeIgniter->run()
CRITICAL - 2024-03-24 07:55:51 --> [Caused by] CodeIgniter\Database\Exceptions\DatabaseException: Unknown column 'user_email' in 'where clause'
in SYSTEMPATH/Database/MySQLi/Connection.php on line 311.
 1 SYSTEMPATH/Database/BaseConnection.php(693): CodeIgniter\Database\MySQLi\Connection->execute()
 2 SYSTEMPATH/Database/BaseConnection.php(607): CodeIgniter\Database\BaseConnection->simpleQuery()
 3 SYSTEMPATH/Database/BaseBuilder.php(1616): CodeIgniter\Database\BaseConnection->query()
 4 SYSTEMPATH/Model.php(270): CodeIgniter\Database\BaseBuilder->get()
 5 SYSTEMPATH/BaseModel.php(676): CodeIgniter\Model->doFirst()
 6 APPPATH/Controllers/Login.php(21): CodeIgniter\BaseModel->first()
 7 SYSTEMPATH/CodeIgniter.php(941): App\Controllers\Login->auth()
 8 SYSTEMPATH/CodeIgniter.php(502): CodeIgniter\CodeIgniter->runController()
 9 SYSTEMPATH/CodeIgniter.php(361): CodeIgniter\CodeIgniter->handleRequest()
10 FCPATH/index.php(79): CodeIgniter\CodeIgniter->run()
CRITICAL - 2024-03-24 07:55:51 --> [Caused by] mysqli_sql_exception: Unknown column 'user_email' in 'where clause'
in SYSTEMPATH/Database/MySQLi/Connection.php on line 306.
 1 SYSTEMPATH/Database/MySQLi/Connection.php(306): mysqli->query()
 2 SYSTEMPATH/Database/BaseConnection.php(693): CodeIgniter\Database\MySQLi\Connection->execute()
 3 SYSTEMPATH/Database/BaseConnection.php(607): CodeIgniter\Database\BaseConnection->simpleQuery()
 4 SYSTEMPATH/Database/BaseBuilder.php(1616): CodeIgniter\Database\BaseConnection->query()
 5 SYSTEMPATH/Model.php(270): CodeIgniter\Database\BaseBuilder->get()
 6 SYSTEMPATH/BaseModel.php(676): CodeIgniter\Model->doFirst()
 7 APPPATH/Controllers/Login.php(21): CodeIgniter\BaseModel->first()
 8 SYSTEMPATH/CodeIgniter.php(941): App\Controllers\Login->auth()
 9 SYSTEMPATH/CodeIgniter.php(502): CodeIgniter\CodeIgniter->runController()
10 SYSTEMPATH/CodeIgniter.php(361): CodeIgniter\CodeIgniter->handleRequest()
11 FCPATH/index.php(79): CodeIgniter\CodeIgniter->run()
INFO - 2024-03-24 07:55:59 --> Session: Class initialized using 'CodeIgniter\Session\Handlers\FileHandler' driver.
INFO - 2024-03-24 08:09:34 --> Session: Class initialized using 'CodeIgniter\Session\Handlers\FileHandler' driver.
INFO - 2024-03-24 08:09:34 --> Session: Class initialized using 'CodeIgniter\Session\Handlers\FileHandler' driver.
INFO - 2024-03-24 08:10:04 --> Session: Class initialized using 'CodeIgniter\Session\Handlers\FileHandler' driver.
INFO - 2024-03-24 08:10:15 --> Session: Class initialized using 'CodeIgniter\Session\Handlers\FileHandler' driver.
INFO - 2024-03-24 08:10:15 --> Session: Class initialized using 'CodeIgniter\Session\Handlers\FileHandler' driver.
INFO - 2024-03-24 08:10:24 --> Session: Class initialized using 'CodeIgniter\Session\Handlers\FileHandler' driver.
INFO - 2024-03-24 08:10:24 --> Session: Class initialized using 'CodeIgniter\Session\Handlers\FileHandler' driver.
INFO - 2024-03-24 08:10:32 --> Session: Class initialized using 'CodeIgniter\Session\Handlers\FileHandler' driver.
INFO - 2024-03-24 08:10:32 --> Session: Class initialized using 'CodeIgniter\Session\Handlers\FileHandler' driver.
INFO - 2024-03-24 08:12:26 --> Session: Class initialized using 'CodeIgniter\Session\Handlers\FileHandler' driver.
INFO - 2024-03-24 08:12:36 --> Session: Class initialized using 'CodeIgniter\Session\Handlers\FileHandler' driver.
INFO - 2024-03-24 08:12:37 --> Session: Class initialized using 'CodeIgniter\Session\Handlers\FileHandler' driver.
INFO - 2024-03-24 08:13:01 --> Session: Class initialized using 'CodeIgniter\Session\Handlers\FileHandler' driver.
INFO - 2024-03-24 08:13:19 --> Session: Class initialized using 'CodeIgniter\Session\Handlers\FileHandler' driver.
INFO - 2024-03-24 08:13:22 --> Session: Class initialized using 'CodeIgniter\Session\Handlers\FileHandler' driver.
INFO - 2024-03-24 08:19:40 --> Session: Class initialized using 'CodeIgniter\Session\Handlers\FileHandler' driver.
INFO - 2024-03-24 08:19:49 --> Session: Class initialized using 'CodeIgniter\Session\Handlers\FileHandler' driver.
INFO - 2024-03-24 08:19:50 --> Session: Class initialized using 'CodeIgniter\Session\Handlers\FileHandler' driver.
INFO - 2024-03-24 08:35:44 --> Session: Class initialized using 'CodeIgniter\Session\Handlers\FileHandler' driver.
INFO - 2024-03-24 08:35:51 --> Session: Class initialized using 'CodeIgniter\Session\Handlers\FileHandler' driver.
INFO - 2024-03-24 08:35:51 --> Session: Class initialized using 'CodeIgniter\Session\Handlers\FileHandler' driver.
INFO - 2024-03-24 08:36:03 --> Session: Class initialized using 'CodeIgniter\Session\Handlers\FileHandler' driver.
INFO - 2024-03-24 08:36:03 --> Session: Class initialized using 'CodeIgniter\Session\Handlers\FileHandler' driver.
INFO - 2024-03-24 08:58:43 --> Session: Class initialized using 'CodeIgniter\Session\Handlers\FileHandler' driver.
INFO - 2024-03-24 09:00:14 --> Session: Class initialized using 'CodeIgniter\Session\Handlers\FileHandler' driver.
INFO - 2024-03-24 09:00:47 --> Session: Class initialized using 'CodeIgniter\Session\Handlers\FileHandler' driver.
INFO - 2024-03-24 09:04:08 --> Session: Class initialized using 'CodeIgniter\Session\Handlers\FileHandler' driver.
INFO - 2024-03-24 09:04:18 --> Session: Class initialized using 'CodeIgniter\Session\Handlers\FileHandler' driver.
INFO - 2024-03-24 09:04:19 --> Session: Class initialized using 'CodeIgniter\Session\Handlers\FileHandler' driver.
INFO - 2024-03-24 09:04:22 --> Session: Class initialized using 'CodeIgniter\Session\Handlers\FileHandler' driver.
INFO - 2024-03-24 09:04:22 --> Session: Class initialized using 'CodeIgniter\Session\Handlers\FileHandler' driver.
INFO - 2024-03-24 09:40:33 --> Session: Class initialized using 'CodeIgniter\Session\Handlers\FileHandler' driver.
INFO - 2024-03-24 09:41:07 --> Session: Class initialized using 'CodeIgniter\Session\Handlers\FileHandler' driver.
INFO - 2024-03-24 09:41:07 --> Session: Class initialized using 'CodeIgniter\Session\Handlers\FileHandler' driver.
INFO - 2024-03-24 09:42:04 --> Session: Class initialized using 'CodeIgniter\Session\Handlers\FileHandler' driver.
INFO - 2024-03-24 09:42:42 --> Session: Class initialized using 'CodeIgniter\Session\Handlers\FileHandler' driver.
INFO - 2024-03-24 09:44:26 --> Session: Class initialized using 'CodeIgniter\Session\Handlers\FileHandler' driver.
INFO - 2024-03-24 09:44:58 --> Session: Class initialized using 'CodeIgniter\Session\Handlers\FileHandler' driver.
INFO - 2024-03-24 09:44:59 --> Session: Class initialized using 'CodeIgniter\Session\Handlers\FileHandler' driver.
INFO - 2024-03-24 09:45:12 --> Session: Class initialized using 'CodeIgniter\Session\Handlers\FileHandler' driver.
INFO - 2024-03-24 09:45:13 --> Session: Class initialized using 'CodeIgniter\Session\Handlers\FileHandler' driver.
INFO - 2024-03-24 09:45:15 --> Session: Class initialized using 'CodeIgniter\Session\Handlers\FileHandler' driver.
INFO - 2024-03-24 09:45:57 --> Session: Class initialized using 'CodeIgniter\Session\Handlers\FileHandler' driver.
INFO - 2024-03-24 10:42:58 --> Session: Class initialized using 'CodeIgniter\Session\Handlers\FileHandler' driver.
INFO - 2024-03-24 10:42:58 --> Session: Class initialized using 'CodeIgniter\Session\Handlers\FileHandler' driver.
INFO - 2024-03-24 10:43:27 --> Session: Class initialized using 'CodeIgniter\Session\Handlers\FileHandler' driver.
INFO - 2024-03-24 10:43:30 --> Session: Class initialized using 'CodeIgniter\Session\Handlers\FileHandler' driver.
INFO - 2024-03-24 10:45:04 --> Session: Class initialized using 'CodeIgniter\Session\Handlers\FileHandler' driver.
INFO - 2024-03-24 10:49:31 --> Session: Class initialized using 'CodeIgniter\Session\Handlers\FileHandler' driver.
INFO - 2024-03-24 10:54:16 --> Session: Class initialized using 'CodeIgniter\Session\Handlers\FileHandler' driver.
INFO - 2024-03-24 10:54:16 --> Session: Class initialized using 'CodeIgniter\Session\Handlers\FileHandler' driver.
INFO - 2024-03-24 10:55:39 --> Session: Class initialized using 'CodeIgniter\Session\Handlers\FileHandler' driver.
INFO - 2024-03-24 10:57:38 --> Session: Class initialized using 'CodeIgniter\Session\Handlers\FileHandler' driver.
INFO - 2024-03-24 10:57:59 --> Session: Class initialized using 'CodeIgniter\Session\Handlers\FileHandler' driver.
INFO - 2024-03-24 10:57:59 --> Session: Class initialized using 'CodeIgniter\Session\Handlers\FileHandler' driver.
INFO - 2024-03-24 10:59:42 --> Session: Class initialized using 'CodeIgniter\Session\Handlers\FileHandler' driver.
INFO - 2024-03-24 10:59:50 --> Session: Class initialized using 'CodeIgniter\Session\Handlers\FileHandler' driver.
INFO - 2024-03-24 10:59:51 --> Session: Class initialized using 'CodeIgniter\Session\Handlers\FileHandler' driver.
INFO - 2024-03-24 11:00:54 --> Session: Class initialized using 'CodeIgniter\Session\Handlers\FileHandler' driver.
INFO - 2024-03-24 11:01:37 --> Session: Class initialized using 'CodeIgniter\Session\Handlers\FileHandler' driver.
INFO - 2024-03-24 11:17:03 --> Session: Class initialized using 'CodeIgniter\Session\Handlers\FileHandler' driver.
INFO - 2024-03-24 11:17:33 --> Session: Class initialized using 'CodeIgniter\Session\Handlers\FileHandler' driver.
INFO - 2024-03-24 11:17:43 --> Session: Class initialized using 'CodeIgniter\Session\Handlers\FileHandler' driver.
INFO - 2024-03-24 11:17:47 --> Session: Class initialized using 'CodeIgniter\Session\Handlers\FileHandler' driver.
INFO - 2024-03-24 11:18:14 --> Session: Class initialized using 'CodeIgniter\Session\Handlers\FileHandler' driver.
INFO - 2024-03-24 11:18:15 --> Session: Class initialized using 'CodeIgniter\Session\Handlers\FileHandler' driver.
INFO - 2024-03-24 11:18:32 --> Session: Class initialized using 'CodeIgniter\Session\Handlers\FileHandler' driver.
INFO - 2024-03-24 11:18:33 --> Session: Class initialized using 'CodeIgniter\Session\Handlers\FileHandler' driver.
INFO - 2024-03-24 11:18:38 --> Session: Class initialized using 'CodeIgniter\Session\Handlers\FileHandler' driver.
INFO - 2024-03-24 11:18:39 --> Session: Class initialized using 'CodeIgniter\Session\Handlers\FileHandler' driver.
INFO - 2024-03-24 11:18:55 --> Session: Class initialized using 'CodeIgniter\Session\Handlers\FileHandler' driver.
INFO - 2024-03-24 11:19:04 --> Session: Class initialized using 'CodeIgniter\Session\Handlers\FileHandler' driver.
INFO - 2024-03-24 11:19:04 --> Session: Class initialized using 'CodeIgniter\Session\Handlers\FileHandler' driver.
INFO - 2024-03-24 16:19:02 --> Session: Class initialized using 'CodeIgniter\Session\Handlers\FileHandler' driver.
INFO - 2024-03-24 16:19:32 --> Session: Class initialized using 'CodeIgniter\Session\Handlers\FileHandler' driver.
INFO - 2024-03-24 16:19:39 --> Session: Class initialized using 'CodeIgniter\Session\Handlers\FileHandler' driver.
INFO - 2024-03-24 16:19:44 --> Session: Class initialized using 'CodeIgniter\Session\Handlers\FileHandler' driver.
INFO - 2024-03-24 16:20:20 --> Session: Class initialized using 'CodeIgniter\Session\Handlers\FileHandler' driver.
INFO - 2024-03-24 16:20:20 --> Session: Class initialized using 'CodeIgniter\Session\Handlers\FileHandler' driver.
INFO - 2024-03-24 16:20:46 --> Session: Class initialized using 'CodeIgniter\Session\Handlers\FileHandler' driver.
INFO - 2024-03-24 16:27:50 --> Session: Class initialized using 'CodeIgniter\Session\Handlers\FileHandler' driver.
INFO - 2024-03-24 16:27:51 --> Session: Class initialized using 'CodeIgniter\Session\Handlers\FileHandler' driver.
INFO - 2024-03-24 16:28:05 --> Session: Class initialized using 'CodeIgniter\Session\Handlers\FileHandler' driver.
INFO - 2024-03-24 16:28:06 --> Session: Class initialized using 'CodeIgniter\Session\Handlers\FileHandler' driver.
INFO - 2024-03-24 16:41:19 --> Session: Class initialized using 'CodeIgniter\Session\Handlers\FileHandler' driver.
INFO - 2024-03-24 16:41:19 --> Session: Class initialized using 'CodeIgniter\Session\Handlers\FileHandler' driver.
