ERROR - 2024-03-09 04:56:21 --> Error connecting to the database: mysqli_sql_exception: Unknown database 'krs' in C:\xampp\htdocs\tugas-kelompok5\vendor\codeigniter4\framework\system\Database\MySQLi\Connection.php:184
Stack trace:
#0 C:\xampp\htdocs\tugas-kelompok5\vendor\codeigniter4\framework\system\Database\MySQLi\Connection.php(184): mysqli->real_connect('localhost', 'root', Object(SensitiveParameterValue), 'krs', 3306, '', 0)
#1 C:\xampp\htdocs\tugas-kelompok5\vendor\codeigniter4\framework\system\Database\BaseConnection.php(392): CodeIgniter\Database\MySQLi\Connection->connect(false)
#2 C:\xampp\htdocs\tugas-kelompok5\vendor\codeigniter4\framework\system\Database\BaseConnection.php(575): CodeIgniter\Database\BaseConnection->initialize()
#3 C:\xampp\htdocs\tugas-kelompok5\vendor\codeigniter4\framework\system\Database\BaseBuilder.php(1749): CodeIgniter\Database\BaseConnection->query('SELECT *\nFROM `...', Array, false)
#4 C:\xampp\htdocs\tugas-kelompok5\vendor\codeigniter4\framework\system\Model.php(872): CodeIgniter\Database\BaseBuilder->getWhere(Array)
#5 C:\xampp\htdocs\tugas-kelompok5\app\Models\Krs_model.php(14): CodeIgniter\Model->__call('getWhere', Array)
#6 C:\xampp\htdocs\tugas-kelompok5\app\Controllers\Krs.php(87): App\Models\Krs_model->getKrs('22205069')
#7 C:\xampp\htdocs\tugas-kelompok5\vendor\codeigniter4\framework\system\CodeIgniter.php(941): App\Controllers\Krs->hapus('22205069')
#8 C:\xampp\htdocs\tugas-kelompok5\vendor\codeigniter4\framework\system\CodeIgniter.php(502): CodeIgniter\CodeIgniter->runController(Object(App\Controllers\Krs))
#9 C:\xampp\htdocs\tugas-kelompok5\vendor\codeigniter4\framework\system\CodeIgniter.php(361): CodeIgniter\CodeIgniter->handleRequest(NULL, Object(Config\Cache), false)
#10 C:\xampp\htdocs\tugas-kelompok5\public\index.php(79): CodeIgniter\CodeIgniter->run()
#11 C:\xampp\htdocs\tugas-kelompok5\vendor\codeigniter4\framework\system\Commands\Server\rewrite.php(47): require_once('C:\\xampp\\htdocs...')
#12 {main}

Next CodeIgniter\Database\Exceptions\DatabaseException: Unknown database 'krs' in C:\xampp\htdocs\tugas-kelompok5\vendor\codeigniter4\framework\system\Database\MySQLi\Connection.php:229
Stack trace:
#0 C:\xampp\htdocs\tugas-kelompok5\vendor\codeigniter4\framework\system\Database\BaseConnection.php(392): CodeIgniter\Database\MySQLi\Connection->connect(false)
#1 C:\xampp\htdocs\tugas-kelompok5\vendor\codeigniter4\framework\system\Database\BaseConnection.php(575): CodeIgniter\Database\BaseConnection->initialize()
#2 C:\xampp\htdocs\tugas-kelompok5\vendor\codeigniter4\framework\system\Database\BaseBuilder.php(1749): CodeIgniter\Database\BaseConnection->query('SELECT *\nFROM `...', Array, false)
#3 C:\xampp\htdocs\tugas-kelompok5\vendor\codeigniter4\framework\system\Model.php(872): CodeIgniter\Database\BaseBuilder->getWhere(Array)
#4 C:\xampp\htdocs\tugas-kelompok5\app\Models\Krs_model.php(14): CodeIgniter\Model->__call('getWhere', Array)
#5 C:\xampp\htdocs\tugas-kelompok5\app\Controllers\Krs.php(87): App\Models\Krs_model->getKrs('22205069')
#6 C:\xampp\htdocs\tugas-kelompok5\vendor\codeigniter4\framework\system\CodeIgniter.php(941): App\Controllers\Krs->hapus('22205069')
#7 C:\xampp\htdocs\tugas-kelompok5\vendor\codeigniter4\framework\system\CodeIgniter.php(502): CodeIgniter\CodeIgniter->runController(Object(App\Controllers\Krs))
#8 C:\xampp\htdocs\tugas-kelompok5\vendor\codeigniter4\framework\system\CodeIgniter.php(361): CodeIgniter\CodeIgniter->handleRequest(NULL, Object(Config\Cache), false)
#9 C:\xampp\htdocs\tugas-kelompok5\public\index.php(79): CodeIgniter\CodeIgniter->run()
#10 C:\xampp\htdocs\tugas-kelompok5\vendor\codeigniter4\framework\system\Commands\Server\rewrite.php(47): require_once('C:\\xampp\\htdocs...')
#11 {main}
CRITICAL - 2024-03-09 04:56:21 --> CodeIgniter\Database\Exceptions\DatabaseException: Unable to connect to the database.
Main connection [MySQLi]: Unknown database 'krs'
in SYSTEMPATH\Database\BaseConnection.php on line 428.
 1 SYSTEMPATH\Database\BaseConnection.php(575): CodeIgniter\Database\BaseConnection->initialize()
 2 SYSTEMPATH\Database\BaseBuilder.php(1749): CodeIgniter\Database\BaseConnection->query('SELECT *
FROM `krs`
WHERE `id_krs` = :id_krs:', [...], false)
 3 SYSTEMPATH\Model.php(872): CodeIgniter\Database\BaseBuilder->getWhere([...])
 4 APPPATH\Models\Krs_model.php(14): CodeIgniter\Model->__call('getWhere', [...])
 5 APPPATH\Controllers\Krs.php(87): App\Models\Krs_model->getKrs('22205069')
 6 SYSTEMPATH\CodeIgniter.php(941): App\Controllers\Krs->hapus('22205069')
 7 SYSTEMPATH\CodeIgniter.php(502): CodeIgniter\CodeIgniter->runController(Object(App\Controllers\Krs))
 8 SYSTEMPATH\CodeIgniter.php(361): CodeIgniter\CodeIgniter->handleRequest(null, Object(Config\Cache), false)
 9 FCPATH\index.php(79): CodeIgniter\CodeIgniter->run()
10 SYSTEMPATH\Commands\Server\rewrite.php(47): require_once('C:\\xampp\\htdocs\\tugas-kelompok5\\public\\index.php')
ERROR - 2024-03-09 04:56:26 --> Error connecting to the database: mysqli_sql_exception: Unknown database 'krs' in C:\xampp\htdocs\tugas-kelompok5\vendor\codeigniter4\framework\system\Database\MySQLi\Connection.php:184
Stack trace:
#0 C:\xampp\htdocs\tugas-kelompok5\vendor\codeigniter4\framework\system\Database\MySQLi\Connection.php(184): mysqli->real_connect('localhost', 'root', Object(SensitiveParameterValue), 'krs', 3306, '', 0)
#1 C:\xampp\htdocs\tugas-kelompok5\vendor\codeigniter4\framework\system\Database\BaseConnection.php(392): CodeIgniter\Database\MySQLi\Connection->connect(false)
#2 C:\xampp\htdocs\tugas-kelompok5\vendor\codeigniter4\framework\system\Database\BaseConnection.php(575): CodeIgniter\Database\BaseConnection->initialize()
#3 C:\xampp\htdocs\tugas-kelompok5\vendor\codeigniter4\framework\system\Database\BaseBuilder.php(1749): CodeIgniter\Database\BaseConnection->query('SELECT *\nFROM `...', Array, false)
#4 C:\xampp\htdocs\tugas-kelompok5\vendor\codeigniter4\framework\system\Model.php(872): CodeIgniter\Database\BaseBuilder->getWhere(Array)
#5 C:\xampp\htdocs\tugas-kelompok5\app\Models\Krs_model.php(14): CodeIgniter\Model->__call('getWhere', Array)
#6 C:\xampp\htdocs\tugas-kelompok5\app\Controllers\Krs.php(87): App\Models\Krs_model->getKrs('22205069')
#7 C:\xampp\htdocs\tugas-kelompok5\vendor\codeigniter4\framework\system\CodeIgniter.php(941): App\Controllers\Krs->hapus('22205069')
#8 C:\xampp\htdocs\tugas-kelompok5\vendor\codeigniter4\framework\system\CodeIgniter.php(502): CodeIgniter\CodeIgniter->runController(Object(App\Controllers\Krs))
#9 C:\xampp\htdocs\tugas-kelompok5\vendor\codeigniter4\framework\system\CodeIgniter.php(361): CodeIgniter\CodeIgniter->handleRequest(NULL, Object(Config\Cache), false)
#10 C:\xampp\htdocs\tugas-kelompok5\public\index.php(79): CodeIgniter\CodeIgniter->run()
#11 C:\xampp\htdocs\tugas-kelompok5\vendor\codeigniter4\framework\system\Commands\Server\rewrite.php(47): require_once('C:\\xampp\\htdocs...')
#12 {main}

Next CodeIgniter\Database\Exceptions\DatabaseException: Unknown database 'krs' in C:\xampp\htdocs\tugas-kelompok5\vendor\codeigniter4\framework\system\Database\MySQLi\Connection.php:229
Stack trace:
#0 C:\xampp\htdocs\tugas-kelompok5\vendor\codeigniter4\framework\system\Database\BaseConnection.php(392): CodeIgniter\Database\MySQLi\Connection->connect(false)
#1 C:\xampp\htdocs\tugas-kelompok5\vendor\codeigniter4\framework\system\Database\BaseConnection.php(575): CodeIgniter\Database\BaseConnection->initialize()
#2 C:\xampp\htdocs\tugas-kelompok5\vendor\codeigniter4\framework\system\Database\BaseBuilder.php(1749): CodeIgniter\Database\BaseConnection->query('SELECT *\nFROM `...', Array, false)
#3 C:\xampp\htdocs\tugas-kelompok5\vendor\codeigniter4\framework\system\Model.php(872): CodeIgniter\Database\BaseBuilder->getWhere(Array)
#4 C:\xampp\htdocs\tugas-kelompok5\app\Models\Krs_model.php(14): CodeIgniter\Model->__call('getWhere', Array)
#5 C:\xampp\htdocs\tugas-kelompok5\app\Controllers\Krs.php(87): App\Models\Krs_model->getKrs('22205069')
#6 C:\xampp\htdocs\tugas-kelompok5\vendor\codeigniter4\framework\system\CodeIgniter.php(941): App\Controllers\Krs->hapus('22205069')
#7 C:\xampp\htdocs\tugas-kelompok5\vendor\codeigniter4\framework\system\CodeIgniter.php(502): CodeIgniter\CodeIgniter->runController(Object(App\Controllers\Krs))
#8 C:\xampp\htdocs\tugas-kelompok5\vendor\codeigniter4\framework\system\CodeIgniter.php(361): CodeIgniter\CodeIgniter->handleRequest(NULL, Object(Config\Cache), false)
#9 C:\xampp\htdocs\tugas-kelompok5\public\index.php(79): CodeIgniter\CodeIgniter->run()
#10 C:\xampp\htdocs\tugas-kelompok5\vendor\codeigniter4\framework\system\Commands\Server\rewrite.php(47): require_once('C:\\xampp\\htdocs...')
#11 {main}
CRITICAL - 2024-03-09 04:56:26 --> CodeIgniter\Database\Exceptions\DatabaseException: Unable to connect to the database.
Main connection [MySQLi]: Unknown database 'krs'
in SYSTEMPATH\Database\BaseConnection.php on line 428.
 1 SYSTEMPATH\Database\BaseConnection.php(575): CodeIgniter\Database\BaseConnection->initialize()
 2 SYSTEMPATH\Database\BaseBuilder.php(1749): CodeIgniter\Database\BaseConnection->query('SELECT *
FROM `krs`
WHERE `id_krs` = :id_krs:', [...], false)
 3 SYSTEMPATH\Model.php(872): CodeIgniter\Database\BaseBuilder->getWhere([...])
 4 APPPATH\Models\Krs_model.php(14): CodeIgniter\Model->__call('getWhere', [...])
 5 APPPATH\Controllers\Krs.php(87): App\Models\Krs_model->getKrs('22205069')
 6 SYSTEMPATH\CodeIgniter.php(941): App\Controllers\Krs->hapus('22205069')
 7 SYSTEMPATH\CodeIgniter.php(502): CodeIgniter\CodeIgniter->runController(Object(App\Controllers\Krs))
 8 SYSTEMPATH\CodeIgniter.php(361): CodeIgniter\CodeIgniter->handleRequest(null, Object(Config\Cache), false)
 9 FCPATH\index.php(79): CodeIgniter\CodeIgniter->run()
10 SYSTEMPATH\Commands\Server\rewrite.php(47): require_once('C:\\xampp\\htdocs\\tugas-kelompok5\\public\\index.php')
ERROR - 2024-03-09 04:58:57 --> Error connecting to the database: mysqli_sql_exception: Unknown database 'id21320157_krs' in C:\xampp\htdocs\tugas-kelompok5\vendor\codeigniter4\framework\system\Database\MySQLi\Connection.php:184
Stack trace:
#0 C:\xampp\htdocs\tugas-kelompok5\vendor\codeigniter4\framework\system\Database\MySQLi\Connection.php(184): mysqli->real_connect('localhost', 'root', Object(SensitiveParameterValue), 'id21320157_krs', 3306, '', 0)
#1 C:\xampp\htdocs\tugas-kelompok5\vendor\codeigniter4\framework\system\Database\BaseConnection.php(392): CodeIgniter\Database\MySQLi\Connection->connect(false)
#2 C:\xampp\htdocs\tugas-kelompok5\vendor\codeigniter4\framework\system\Database\BaseConnection.php(575): CodeIgniter\Database\BaseConnection->initialize()
#3 C:\xampp\htdocs\tugas-kelompok5\vendor\codeigniter4\framework\system\Database\BaseBuilder.php(1616): CodeIgniter\Database\BaseConnection->query('SELECT *\nFROM `...', Array, false)
#4 C:\xampp\htdocs\tugas-kelompok5\vendor\codeigniter4\framework\system\Model.php(242): CodeIgniter\Database\BaseBuilder->get()
#5 C:\xampp\htdocs\tugas-kelompok5\vendor\codeigniter4\framework\system\BaseModel.php(638): CodeIgniter\Model->doFindAll(0, 0)
#6 C:\xampp\htdocs\tugas-kelompok5\app\Models\Krs_model.php(12): CodeIgniter\BaseModel->findAll()
#7 C:\xampp\htdocs\tugas-kelompok5\app\Controllers\Krs.php(12): App\Models\Krs_model->getKrs()
#8 C:\xampp\htdocs\tugas-kelompok5\vendor\codeigniter4\framework\system\CodeIgniter.php(941): App\Controllers\Krs->index()
#9 C:\xampp\htdocs\tugas-kelompok5\vendor\codeigniter4\framework\system\CodeIgniter.php(502): CodeIgniter\CodeIgniter->runController(Object(App\Controllers\Krs))
#10 C:\xampp\htdocs\tugas-kelompok5\vendor\codeigniter4\framework\system\CodeIgniter.php(361): CodeIgniter\CodeIgniter->handleRequest(NULL, Object(Config\Cache), false)
#11 C:\xampp\htdocs\tugas-kelompok5\public\index.php(79): CodeIgniter\CodeIgniter->run()
#12 C:\xampp\htdocs\tugas-kelompok5\vendor\codeigniter4\framework\system\Commands\Server\rewrite.php(47): require_once('C:\\xampp\\htdocs...')
#13 {main}

Next CodeIgniter\Database\Exceptions\DatabaseException: Unknown database 'id21320157_krs' in C:\xampp\htdocs\tugas-kelompok5\vendor\codeigniter4\framework\system\Database\MySQLi\Connection.php:229
Stack trace:
#0 C:\xampp\htdocs\tugas-kelompok5\vendor\codeigniter4\framework\system\Database\BaseConnection.php(392): CodeIgniter\Database\MySQLi\Connection->connect(false)
#1 C:\xampp\htdocs\tugas-kelompok5\vendor\codeigniter4\framework\system\Database\BaseConnection.php(575): CodeIgniter\Database\BaseConnection->initialize()
#2 C:\xampp\htdocs\tugas-kelompok5\vendor\codeigniter4\framework\system\Database\BaseBuilder.php(1616): CodeIgniter\Database\BaseConnection->query('SELECT *\nFROM `...', Array, false)
#3 C:\xampp\htdocs\tugas-kelompok5\vendor\codeigniter4\framework\system\Model.php(242): CodeIgniter\Database\BaseBuilder->get()
#4 C:\xampp\htdocs\tugas-kelompok5\vendor\codeigniter4\framework\system\BaseModel.php(638): CodeIgniter\Model->doFindAll(0, 0)
#5 C:\xampp\htdocs\tugas-kelompok5\app\Models\Krs_model.php(12): CodeIgniter\BaseModel->findAll()
#6 C:\xampp\htdocs\tugas-kelompok5\app\Controllers\Krs.php(12): App\Models\Krs_model->getKrs()
#7 C:\xampp\htdocs\tugas-kelompok5\vendor\codeigniter4\framework\system\CodeIgniter.php(941): App\Controllers\Krs->index()
#8 C:\xampp\htdocs\tugas-kelompok5\vendor\codeigniter4\framework\system\CodeIgniter.php(502): CodeIgniter\CodeIgniter->runController(Object(App\Controllers\Krs))
#9 C:\xampp\htdocs\tugas-kelompok5\vendor\codeigniter4\framework\system\CodeIgniter.php(361): CodeIgniter\CodeIgniter->handleRequest(NULL, Object(Config\Cache), false)
#10 C:\xampp\htdocs\tugas-kelompok5\public\index.php(79): CodeIgniter\CodeIgniter->run()
#11 C:\xampp\htdocs\tugas-kelompok5\vendor\codeigniter4\framework\system\Commands\Server\rewrite.php(47): require_once('C:\\xampp\\htdocs...')
#12 {main}
CRITICAL - 2024-03-09 04:58:57 --> CodeIgniter\Database\Exceptions\DatabaseException: Unable to connect to the database.
Main connection [MySQLi]: Unknown database 'id21320157_krs'
in SYSTEMPATH\Database\BaseConnection.php on line 428.
 1 SYSTEMPATH\Database\BaseConnection.php(575): CodeIgniter\Database\BaseConnection->initialize()
 2 SYSTEMPATH\Database\BaseBuilder.php(1616): CodeIgniter\Database\BaseConnection->query('SELECT *
FROM `krs`', [], false)
 3 SYSTEMPATH\Model.php(242): CodeIgniter\Database\BaseBuilder->get()
 4 SYSTEMPATH\BaseModel.php(638): CodeIgniter\Model->doFindAll(0, 0)
 5 APPPATH\Models\Krs_model.php(12): CodeIgniter\BaseModel->findAll()
 6 APPPATH\Controllers\Krs.php(12): App\Models\Krs_model->getKrs()
 7 SYSTEMPATH\CodeIgniter.php(941): App\Controllers\Krs->index()
 8 SYSTEMPATH\CodeIgniter.php(502): CodeIgniter\CodeIgniter->runController(Object(App\Controllers\Krs))
 9 SYSTEMPATH\CodeIgniter.php(361): CodeIgniter\CodeIgniter->handleRequest(null, Object(Config\Cache), false)
10 FCPATH\index.php(79): CodeIgniter\CodeIgniter->run()
11 SYSTEMPATH\Commands\Server\rewrite.php(47): require_once('C:\\xampp\\htdocs\\tugas-kelompok5\\public\\index.php')
