CRITICAL - 2024-05-27 16:08:03 --> ErrorException: Undefined array key "kode_semester"
in APPPATH\Views\krs_view.php on line 31.
 1 APPPATH\Views\krs_view.php(31): CodeIgniter\Debug\Exceptions->errorHandler(2, 'Undefined array key "kode_semester"', 'C:\\xampp\\htdocs\\web_krs\\app\\Views\\krs_view.php', 31)
 2 SYSTEMPATH\View\View.php(228): include('C:\\xampp\\htdocs\\web_krs\\app\\Views\\krs_view.php')
 3 SYSTEMPATH\View\View.php(231): CodeIgniter\View\View->CodeIgniter\View\{closure}()
 4 SYSTEMPATH\Common.php(1178): CodeIgniter\View\View->render('krs_view', [], true)
 5 APPPATH\Controllers\Krs.php(16): view('krs_view', [...])
 6 SYSTEMPATH\CodeIgniter.php(941): App\Controllers\Krs->index()
 7 SYSTEMPATH\CodeIgniter.php(502): CodeIgniter\CodeIgniter->runController(Object(App\Controllers\Krs))
 8 SYSTEMPATH\CodeIgniter.php(361): CodeIgniter\CodeIgniter->handleRequest(null, Object(Config\Cache), false)
 9 FCPATH\index.php(79): CodeIgniter\CodeIgniter->run()
10 SYSTEMPATH\Commands\Server\rewrite.php(47): require_once('C:\\xampp\\htdocs\\web_krs\\public\\index.php')
CRITICAL - 2024-05-27 16:11:24 --> ErrorException: Undefined array key "kode_semester"
in APPPATH\Views\krs_view.php on line 31.
 1 APPPATH\Views\krs_view.php(31): CodeIgniter\Debug\Exceptions->errorHandler(2, 'Undefined array key "kode_semester"', 'C:\\xampp\\htdocs\\web_krs\\app\\Views\\krs_view.php', 31)
 2 SYSTEMPATH\View\View.php(228): include('C:\\xampp\\htdocs\\web_krs\\app\\Views\\krs_view.php')
 3 SYSTEMPATH\View\View.php(231): CodeIgniter\View\View->CodeIgniter\View\{closure}()
 4 SYSTEMPATH\Common.php(1178): CodeIgniter\View\View->render('krs_view', [], true)
 5 APPPATH\Controllers\Krs.php(16): view('krs_view', [...])
 6 SYSTEMPATH\CodeIgniter.php(941): App\Controllers\Krs->index()
 7 SYSTEMPATH\CodeIgniter.php(502): CodeIgniter\CodeIgniter->runController(Object(App\Controllers\Krs))
 8 SYSTEMPATH\CodeIgniter.php(361): CodeIgniter\CodeIgniter->handleRequest(null, Object(Config\Cache), false)
 9 FCPATH\index.php(79): CodeIgniter\CodeIgniter->run()
10 SYSTEMPATH\Commands\Server\rewrite.php(47): require_once('C:\\xampp\\htdocs\\web_krs\\public\\index.php')
CRITICAL - 2024-05-27 16:20:56 --> ErrorException: Undefined array key "kode_semester"
in APPPATH\Views\krs_view.php on line 31.
 1 APPPATH\Views\krs_view.php(31): CodeIgniter\Debug\Exceptions->errorHandler(2, 'Undefined array key "kode_semester"', 'C:\\xampp\\htdocs\\web_krs\\app\\Views\\krs_view.php', 31)
 2 SYSTEMPATH\View\View.php(228): include('C:\\xampp\\htdocs\\web_krs\\app\\Views\\krs_view.php')
 3 SYSTEMPATH\View\View.php(231): CodeIgniter\View\View->CodeIgniter\View\{closure}()
 4 SYSTEMPATH\Common.php(1178): CodeIgniter\View\View->render('krs_view', [], true)
 5 APPPATH\Controllers\Krs.php(16): view('krs_view', [...])
 6 SYSTEMPATH\CodeIgniter.php(941): App\Controllers\Krs->index()
 7 SYSTEMPATH\CodeIgniter.php(502): CodeIgniter\CodeIgniter->runController(Object(App\Controllers\Krs))
 8 SYSTEMPATH\CodeIgniter.php(361): CodeIgniter\CodeIgniter->handleRequest(null, Object(Config\Cache), false)
 9 FCPATH\index.php(79): CodeIgniter\CodeIgniter->run()
10 SYSTEMPATH\Commands\Server\rewrite.php(47): require_once('C:\\xampp\\htdocs\\web_krs\\public\\index.php')
CRITICAL - 2024-05-27 16:26:38 --> ErrorException: Undefined array key "data_semester"
in APPPATH\Views\krs_view.php on line 31.
 1 APPPATH\Views\krs_view.php(31): CodeIgniter\Debug\Exceptions->errorHandler(2, 'Undefined array key "data_semester"', 'C:\\xampp\\htdocs\\web_krs\\app\\Views\\krs_view.php', 31)
 2 SYSTEMPATH\View\View.php(228): include('C:\\xampp\\htdocs\\web_krs\\app\\Views\\krs_view.php')
 3 SYSTEMPATH\View\View.php(231): CodeIgniter\View\View->CodeIgniter\View\{closure}()
 4 SYSTEMPATH\Common.php(1178): CodeIgniter\View\View->render('krs_view', [], true)
 5 APPPATH\Controllers\Krs.php(16): view('krs_view', [...])
 6 SYSTEMPATH\CodeIgniter.php(941): App\Controllers\Krs->index()
 7 SYSTEMPATH\CodeIgniter.php(502): CodeIgniter\CodeIgniter->runController(Object(App\Controllers\Krs))
 8 SYSTEMPATH\CodeIgniter.php(361): CodeIgniter\CodeIgniter->handleRequest(null, Object(Config\Cache), false)
 9 FCPATH\index.php(79): CodeIgniter\CodeIgniter->run()
10 SYSTEMPATH\Commands\Server\rewrite.php(47): require_once('C:\\xampp\\htdocs\\web_krs\\public\\index.php')
