CRITICAL - 2024-05-28 09:42:18 --> ParseError: syntax error, unexpected identifier "semester", expecting "," or ";"
in APPPATH\Views\edit_krs_view.php on line 34.
 1 SYSTEMPATH\View\View.php(231): CodeIgniter\View\View->CodeIgniter\View\{closure}()
 2 SYSTEMPATH\Common.php(1178): CodeIgniter\View\View->render('edit_krs_view', [], true)
 3 APPPATH\Controllers\Krs.php(89): view('edit_krs_view', [...])
 4 SYSTEMPATH\CodeIgniter.php(941): App\Controllers\Krs->edit('1')
 5 SYSTEMPATH\CodeIgniter.php(502): CodeIgniter\CodeIgniter->runController(Object(App\Controllers\Krs))
 6 SYSTEMPATH\CodeIgniter.php(361): CodeIgniter\CodeIgniter->handleRequest(null, Object(Config\Cache), false)
 7 FCPATH\index.php(79): CodeIgniter\CodeIgniter->run()
 8 SYSTEMPATH\Commands\Server\rewrite.php(47): require_once('C:\\xampp\\htdocs\\web_krs\\public\\index.php')
CRITICAL - 2024-05-28 09:43:04 --> ParseError: syntax error, unexpected identifier "semester", expecting "," or ";"
in APPPATH\Views\edit_krs_view.php on line 34.
 1 SYSTEMPATH\View\View.php(231): CodeIgniter\View\View->CodeIgniter\View\{closure}()
 2 SYSTEMPATH\Common.php(1178): CodeIgniter\View\View->render('edit_krs_view', [], true)
 3 APPPATH\Controllers\Krs.php(89): view('edit_krs_view', [...])
 4 SYSTEMPATH\CodeIgniter.php(941): App\Controllers\Krs->edit('1')
 5 SYSTEMPATH\CodeIgniter.php(502): CodeIgniter\CodeIgniter->runController(Object(App\Controllers\Krs))
 6 SYSTEMPATH\CodeIgniter.php(361): CodeIgniter\CodeIgniter->handleRequest(null, Object(Config\Cache), false)
 7 FCPATH\index.php(79): CodeIgniter\CodeIgniter->run()
 8 SYSTEMPATH\Commands\Server\rewrite.php(47): require_once('C:\\xampp\\htdocs\\web_krs\\public\\index.php')
