ERROR - 2024-03-08 17:38:45 --> mysqli_sql_exception: Table 'kelompok5.barang' doesn't exist in C:\xampp\htdocs\tugas-kelompok5\vendor\codeigniter4\framework\system\Database\MySQLi\Connection.php:306
Stack trace:
#0 C:\xampp\htdocs\tugas-kelompok5\vendor\codeigniter4\framework\system\Database\MySQLi\Connection.php(306): mysqli->query('SELECT *\nFROM `...', 0)
#1 C:\xampp\htdocs\tugas-kelompok5\vendor\codeigniter4\framework\system\Database\BaseConnection.php(693): CodeIgniter\Database\MySQLi\Connection->execute('SELECT *\nFROM `...')
#2 C:\xampp\htdocs\tugas-kelompok5\vendor\codeigniter4\framework\system\Database\BaseConnection.php(607): CodeIgniter\Database\BaseConnection->simpleQuery('SELECT *\nFROM `...')
#3 C:\xampp\htdocs\tugas-kelompok5\vendor\codeigniter4\framework\system\Database\BaseBuilder.php(1616): CodeIgniter\Database\BaseConnection->query('SELECT *\nFROM `...', Array, false)
#4 C:\xampp\htdocs\tugas-kelompok5\vendor\codeigniter4\framework\system\Model.php(242): CodeIgniter\Database\BaseBuilder->get()
#5 C:\xampp\htdocs\tugas-kelompok5\vendor\codeigniter4\framework\system\BaseModel.php(638): CodeIgniter\Model->doFindAll(0, 0)
#6 C:\xampp\htdocs\tugas-kelompok5\app\Models\Barang_model.php(12): CodeIgniter\BaseModel->findAll()
#7 C:\xampp\htdocs\tugas-kelompok5\app\Controllers\Barang.php(12): App\Models\Barang_model->getBarang()
#8 C:\xampp\htdocs\tugas-kelompok5\vendor\codeigniter4\framework\system\CodeIgniter.php(941): App\Controllers\Barang->index()
#9 C:\xampp\htdocs\tugas-kelompok5\vendor\codeigniter4\framework\system\CodeIgniter.php(502): CodeIgniter\CodeIgniter->runController(Object(App\Controllers\Barang))
#10 C:\xampp\htdocs\tugas-kelompok5\vendor\codeigniter4\framework\system\CodeIgniter.php(361): CodeIgniter\CodeIgniter->handleRequest(NULL, Object(Config\Cache), false)
#11 C:\xampp\htdocs\tugas-kelompok5\public\index.php(79): CodeIgniter\CodeIgniter->run()
#12 C:\xampp\htdocs\tugas-kelompok5\vendor\codeigniter4\framework\system\Commands\Server\rewrite.php(47): require_once('C:\\xampp\\htdocs...')
#13 {main}
CRITICAL - 2024-03-08 17:38:45 --> CodeIgniter\Database\Exceptions\DatabaseException: Table 'kelompok5.barang' doesn't exist
in SYSTEMPATH\Database\BaseConnection.php on line 647.
 1 SYSTEMPATH\Database\BaseBuilder.php(1616): CodeIgniter\Database\BaseConnection->query('SELECT *
FROM `barang`', [], false)
 2 SYSTEMPATH\Model.php(242): CodeIgniter\Database\BaseBuilder->get()
 3 SYSTEMPATH\BaseModel.php(638): CodeIgniter\Model->doFindAll(0, 0)
 4 APPPATH\Models\Barang_model.php(12): CodeIgniter\BaseModel->findAll()
 5 APPPATH\Controllers\Barang.php(12): App\Models\Barang_model->getBarang()
 6 SYSTEMPATH\CodeIgniter.php(941): App\Controllers\Barang->index()
 7 SYSTEMPATH\CodeIgniter.php(502): CodeIgniter\CodeIgniter->runController(Object(App\Controllers\Barang))
 8 SYSTEMPATH\CodeIgniter.php(361): CodeIgniter\CodeIgniter->handleRequest(null, Object(Config\Cache), false)
 9 FCPATH\index.php(79): CodeIgniter\CodeIgniter->run()
10 SYSTEMPATH\Commands\Server\rewrite.php(47): require_once('C:\\xampp\\htdocs\\tugas-kelompok5\\public\\index.php')
CRITICAL - 2024-03-08 17:38:45 --> [Caused by] CodeIgniter\Database\Exceptions\DatabaseException: Table 'kelompok5.barang' doesn't exist
in SYSTEMPATH\Database\MySQLi\Connection.php on line 311.
 1 SYSTEMPATH\Database\BaseConnection.php(693): CodeIgniter\Database\MySQLi\Connection->execute('SELECT *
FROM `barang`')
 2 SYSTEMPATH\Database\BaseConnection.php(607): CodeIgniter\Database\BaseConnection->simpleQuery('SELECT *
FROM `barang`')
 3 SYSTEMPATH\Database\BaseBuilder.php(1616): CodeIgniter\Database\BaseConnection->query('SELECT *
FROM `barang`', [], false)
 4 SYSTEMPATH\Model.php(242): CodeIgniter\Database\BaseBuilder->get()
 5 SYSTEMPATH\BaseModel.php(638): CodeIgniter\Model->doFindAll(0, 0)
 6 APPPATH\Models\Barang_model.php(12): CodeIgniter\BaseModel->findAll()
 7 APPPATH\Controllers\Barang.php(12): App\Models\Barang_model->getBarang()
 8 SYSTEMPATH\CodeIgniter.php(941): App\Controllers\Barang->index()
 9 SYSTEMPATH\CodeIgniter.php(502): CodeIgniter\CodeIgniter->runController(Object(App\Controllers\Barang))
10 SYSTEMPATH\CodeIgniter.php(361): CodeIgniter\CodeIgniter->handleRequest(null, Object(Config\Cache), false)
11 FCPATH\index.php(79): CodeIgniter\CodeIgniter->run()
12 SYSTEMPATH\Commands\Server\rewrite.php(47): require_once('C:\\xampp\\htdocs\\tugas-kelompok5\\public\\index.php')
CRITICAL - 2024-03-08 17:38:45 --> [Caused by] mysqli_sql_exception: Table 'kelompok5.barang' doesn't exist
in SYSTEMPATH\Database\MySQLi\Connection.php on line 306.
 1 SYSTEMPATH\Database\MySQLi\Connection.php(306): mysqli->query('SELECT *
FROM `barang`', 0)
 2 SYSTEMPATH\Database\BaseConnection.php(693): CodeIgniter\Database\MySQLi\Connection->execute('SELECT *
FROM `barang`')
 3 SYSTEMPATH\Database\BaseConnection.php(607): CodeIgniter\Database\BaseConnection->simpleQuery('SELECT *
FROM `barang`')
 4 SYSTEMPATH\Database\BaseBuilder.php(1616): CodeIgniter\Database\BaseConnection->query('SELECT *
FROM `barang`', [], false)
 5 SYSTEMPATH\Model.php(242): CodeIgniter\Database\BaseBuilder->get()
 6 SYSTEMPATH\BaseModel.php(638): CodeIgniter\Model->doFindAll(0, 0)
 7 APPPATH\Models\Barang_model.php(12): CodeIgniter\BaseModel->findAll()
 8 APPPATH\Controllers\Barang.php(12): App\Models\Barang_model->getBarang()
 9 SYSTEMPATH\CodeIgniter.php(941): App\Controllers\Barang->index()
10 SYSTEMPATH\CodeIgniter.php(502): CodeIgniter\CodeIgniter->runController(Object(App\Controllers\Barang))
11 SYSTEMPATH\CodeIgniter.php(361): CodeIgniter\CodeIgniter->handleRequest(null, Object(Config\Cache), false)
12 FCPATH\index.php(79): CodeIgniter\CodeIgniter->run()
13 SYSTEMPATH\Commands\Server\rewrite.php(47): require_once('C:\\xampp\\htdocs\\tugas-kelompok5\\public\\index.php')
ERROR - 2024-03-08 17:38:46 --> mysqli_sql_exception: Table 'kelompok5.barang' doesn't exist in C:\xampp\htdocs\tugas-kelompok5\vendor\codeigniter4\framework\system\Database\MySQLi\Connection.php:306
Stack trace:
#0 C:\xampp\htdocs\tugas-kelompok5\vendor\codeigniter4\framework\system\Database\MySQLi\Connection.php(306): mysqli->query('SELECT *\nFROM `...', 0)
#1 C:\xampp\htdocs\tugas-kelompok5\vendor\codeigniter4\framework\system\Database\BaseConnection.php(693): CodeIgniter\Database\MySQLi\Connection->execute('SELECT *\nFROM `...')
#2 C:\xampp\htdocs\tugas-kelompok5\vendor\codeigniter4\framework\system\Database\BaseConnection.php(607): CodeIgniter\Database\BaseConnection->simpleQuery('SELECT *\nFROM `...')
#3 C:\xampp\htdocs\tugas-kelompok5\vendor\codeigniter4\framework\system\Database\BaseBuilder.php(1616): CodeIgniter\Database\BaseConnection->query('SELECT *\nFROM `...', Array, false)
#4 C:\xampp\htdocs\tugas-kelompok5\vendor\codeigniter4\framework\system\Model.php(242): CodeIgniter\Database\BaseBuilder->get()
#5 C:\xampp\htdocs\tugas-kelompok5\vendor\codeigniter4\framework\system\BaseModel.php(638): CodeIgniter\Model->doFindAll(0, 0)
#6 C:\xampp\htdocs\tugas-kelompok5\app\Models\Barang_model.php(12): CodeIgniter\BaseModel->findAll()
#7 C:\xampp\htdocs\tugas-kelompok5\app\Controllers\Barang.php(12): App\Models\Barang_model->getBarang()
#8 C:\xampp\htdocs\tugas-kelompok5\vendor\codeigniter4\framework\system\CodeIgniter.php(941): App\Controllers\Barang->index()
#9 C:\xampp\htdocs\tugas-kelompok5\vendor\codeigniter4\framework\system\CodeIgniter.php(502): CodeIgniter\CodeIgniter->runController(Object(App\Controllers\Barang))
#10 C:\xampp\htdocs\tugas-kelompok5\vendor\codeigniter4\framework\system\CodeIgniter.php(361): CodeIgniter\CodeIgniter->handleRequest(NULL, Object(Config\Cache), false)
#11 C:\xampp\htdocs\tugas-kelompok5\public\index.php(79): CodeIgniter\CodeIgniter->run()
#12 C:\xampp\htdocs\tugas-kelompok5\vendor\codeigniter4\framework\system\Commands\Server\rewrite.php(47): require_once('C:\\xampp\\htdocs...')
#13 {main}
CRITICAL - 2024-03-08 17:38:46 --> CodeIgniter\Database\Exceptions\DatabaseException: Table 'kelompok5.barang' doesn't exist
in SYSTEMPATH\Database\BaseConnection.php on line 647.
 1 SYSTEMPATH\Database\BaseBuilder.php(1616): CodeIgniter\Database\BaseConnection->query('SELECT *
FROM `barang`', [], false)
 2 SYSTEMPATH\Model.php(242): CodeIgniter\Database\BaseBuilder->get()
 3 SYSTEMPATH\BaseModel.php(638): CodeIgniter\Model->doFindAll(0, 0)
 4 APPPATH\Models\Barang_model.php(12): CodeIgniter\BaseModel->findAll()
 5 APPPATH\Controllers\Barang.php(12): App\Models\Barang_model->getBarang()
 6 SYSTEMPATH\CodeIgniter.php(941): App\Controllers\Barang->index()
 7 SYSTEMPATH\CodeIgniter.php(502): CodeIgniter\CodeIgniter->runController(Object(App\Controllers\Barang))
 8 SYSTEMPATH\CodeIgniter.php(361): CodeIgniter\CodeIgniter->handleRequest(null, Object(Config\Cache), false)
 9 FCPATH\index.php(79): CodeIgniter\CodeIgniter->run()
10 SYSTEMPATH\Commands\Server\rewrite.php(47): require_once('C:\\xampp\\htdocs\\tugas-kelompok5\\public\\index.php')
CRITICAL - 2024-03-08 17:38:46 --> [Caused by] CodeIgniter\Database\Exceptions\DatabaseException: Table 'kelompok5.barang' doesn't exist
in SYSTEMPATH\Database\MySQLi\Connection.php on line 311.
 1 SYSTEMPATH\Database\BaseConnection.php(693): CodeIgniter\Database\MySQLi\Connection->execute('SELECT *
FROM `barang`')
 2 SYSTEMPATH\Database\BaseConnection.php(607): CodeIgniter\Database\BaseConnection->simpleQuery('SELECT *
FROM `barang`')
 3 SYSTEMPATH\Database\BaseBuilder.php(1616): CodeIgniter\Database\BaseConnection->query('SELECT *
FROM `barang`', [], false)
 4 SYSTEMPATH\Model.php(242): CodeIgniter\Database\BaseBuilder->get()
 5 SYSTEMPATH\BaseModel.php(638): CodeIgniter\Model->doFindAll(0, 0)
 6 APPPATH\Models\Barang_model.php(12): CodeIgniter\BaseModel->findAll()
 7 APPPATH\Controllers\Barang.php(12): App\Models\Barang_model->getBarang()
 8 SYSTEMPATH\CodeIgniter.php(941): App\Controllers\Barang->index()
 9 SYSTEMPATH\CodeIgniter.php(502): CodeIgniter\CodeIgniter->runController(Object(App\Controllers\Barang))
10 SYSTEMPATH\CodeIgniter.php(361): CodeIgniter\CodeIgniter->handleRequest(null, Object(Config\Cache), false)
11 FCPATH\index.php(79): CodeIgniter\CodeIgniter->run()
12 SYSTEMPATH\Commands\Server\rewrite.php(47): require_once('C:\\xampp\\htdocs\\tugas-kelompok5\\public\\index.php')
CRITICAL - 2024-03-08 17:38:46 --> [Caused by] mysqli_sql_exception: Table 'kelompok5.barang' doesn't exist
in SYSTEMPATH\Database\MySQLi\Connection.php on line 306.
 1 SYSTEMPATH\Database\MySQLi\Connection.php(306): mysqli->query('SELECT *
FROM `barang`', 0)
 2 SYSTEMPATH\Database\BaseConnection.php(693): CodeIgniter\Database\MySQLi\Connection->execute('SELECT *
FROM `barang`')
 3 SYSTEMPATH\Database\BaseConnection.php(607): CodeIgniter\Database\BaseConnection->simpleQuery('SELECT *
FROM `barang`')
 4 SYSTEMPATH\Database\BaseBuilder.php(1616): CodeIgniter\Database\BaseConnection->query('SELECT *
FROM `barang`', [], false)
 5 SYSTEMPATH\Model.php(242): CodeIgniter\Database\BaseBuilder->get()
 6 SYSTEMPATH\BaseModel.php(638): CodeIgniter\Model->doFindAll(0, 0)
 7 APPPATH\Models\Barang_model.php(12): CodeIgniter\BaseModel->findAll()
 8 APPPATH\Controllers\Barang.php(12): App\Models\Barang_model->getBarang()
 9 SYSTEMPATH\CodeIgniter.php(941): App\Controllers\Barang->index()
10 SYSTEMPATH\CodeIgniter.php(502): CodeIgniter\CodeIgniter->runController(Object(App\Controllers\Barang))
11 SYSTEMPATH\CodeIgniter.php(361): CodeIgniter\CodeIgniter->handleRequest(null, Object(Config\Cache), false)
12 FCPATH\index.php(79): CodeIgniter\CodeIgniter->run()
13 SYSTEMPATH\Commands\Server\rewrite.php(47): require_once('C:\\xampp\\htdocs\\tugas-kelompok5\\public\\index.php')
ERROR - 2024-03-08 17:48:52 --> mysqli_sql_exception: Table 'kelompok5.barang' doesn't exist in C:\xampp\htdocs\tugas-kelompok5\vendor\codeigniter4\framework\system\Database\MySQLi\Connection.php:306
Stack trace:
#0 C:\xampp\htdocs\tugas-kelompok5\vendor\codeigniter4\framework\system\Database\MySQLi\Connection.php(306): mysqli->query('SELECT *\nFROM `...', 0)
#1 C:\xampp\htdocs\tugas-kelompok5\vendor\codeigniter4\framework\system\Database\BaseConnection.php(693): CodeIgniter\Database\MySQLi\Connection->execute('SELECT *\nFROM `...')
#2 C:\xampp\htdocs\tugas-kelompok5\vendor\codeigniter4\framework\system\Database\BaseConnection.php(607): CodeIgniter\Database\BaseConnection->simpleQuery('SELECT *\nFROM `...')
#3 C:\xampp\htdocs\tugas-kelompok5\vendor\codeigniter4\framework\system\Database\BaseBuilder.php(1616): CodeIgniter\Database\BaseConnection->query('SELECT *\nFROM `...', Array, false)
#4 C:\xampp\htdocs\tugas-kelompok5\vendor\codeigniter4\framework\system\Model.php(242): CodeIgniter\Database\BaseBuilder->get()
#5 C:\xampp\htdocs\tugas-kelompok5\vendor\codeigniter4\framework\system\BaseModel.php(638): CodeIgniter\Model->doFindAll(0, 0)
#6 C:\xampp\htdocs\tugas-kelompok5\app\Models\Barang_model.php(12): CodeIgniter\BaseModel->findAll()
#7 C:\xampp\htdocs\tugas-kelompok5\app\Controllers\Barang.php(12): App\Models\Barang_model->getBarang()
#8 C:\xampp\htdocs\tugas-kelompok5\vendor\codeigniter4\framework\system\CodeIgniter.php(941): App\Controllers\Barang->index()
#9 C:\xampp\htdocs\tugas-kelompok5\vendor\codeigniter4\framework\system\CodeIgniter.php(502): CodeIgniter\CodeIgniter->runController(Object(App\Controllers\Barang))
#10 C:\xampp\htdocs\tugas-kelompok5\vendor\codeigniter4\framework\system\CodeIgniter.php(361): CodeIgniter\CodeIgniter->handleRequest(NULL, Object(Config\Cache), false)
#11 C:\xampp\htdocs\tugas-kelompok5\public\index.php(79): CodeIgniter\CodeIgniter->run()
#12 C:\xampp\htdocs\tugas-kelompok5\vendor\codeigniter4\framework\system\Commands\Server\rewrite.php(47): require_once('C:\\xampp\\htdocs...')
#13 {main}
CRITICAL - 2024-03-08 17:48:52 --> CodeIgniter\Database\Exceptions\DatabaseException: Table 'kelompok5.barang' doesn't exist
in SYSTEMPATH\Database\BaseConnection.php on line 647.
 1 SYSTEMPATH\Database\BaseBuilder.php(1616): CodeIgniter\Database\BaseConnection->query('SELECT *
FROM `barang`', [], false)
 2 SYSTEMPATH\Model.php(242): CodeIgniter\Database\BaseBuilder->get()
 3 SYSTEMPATH\BaseModel.php(638): CodeIgniter\Model->doFindAll(0, 0)
 4 APPPATH\Models\Barang_model.php(12): CodeIgniter\BaseModel->findAll()
 5 APPPATH\Controllers\Barang.php(12): App\Models\Barang_model->getBarang()
 6 SYSTEMPATH\CodeIgniter.php(941): App\Controllers\Barang->index()
 7 SYSTEMPATH\CodeIgniter.php(502): CodeIgniter\CodeIgniter->runController(Object(App\Controllers\Barang))
 8 SYSTEMPATH\CodeIgniter.php(361): CodeIgniter\CodeIgniter->handleRequest(null, Object(Config\Cache), false)
 9 FCPATH\index.php(79): CodeIgniter\CodeIgniter->run()
10 SYSTEMPATH\Commands\Server\rewrite.php(47): require_once('C:\\xampp\\htdocs\\tugas-kelompok5\\public\\index.php')
CRITICAL - 2024-03-08 17:48:52 --> [Caused by] CodeIgniter\Database\Exceptions\DatabaseException: Table 'kelompok5.barang' doesn't exist
in SYSTEMPATH\Database\MySQLi\Connection.php on line 311.
 1 SYSTEMPATH\Database\BaseConnection.php(693): CodeIgniter\Database\MySQLi\Connection->execute('SELECT *
FROM `barang`')
 2 SYSTEMPATH\Database\BaseConnection.php(607): CodeIgniter\Database\BaseConnection->simpleQuery('SELECT *
FROM `barang`')
 3 SYSTEMPATH\Database\BaseBuilder.php(1616): CodeIgniter\Database\BaseConnection->query('SELECT *
FROM `barang`', [], false)
 4 SYSTEMPATH\Model.php(242): CodeIgniter\Database\BaseBuilder->get()
 5 SYSTEMPATH\BaseModel.php(638): CodeIgniter\Model->doFindAll(0, 0)
 6 APPPATH\Models\Barang_model.php(12): CodeIgniter\BaseModel->findAll()
 7 APPPATH\Controllers\Barang.php(12): App\Models\Barang_model->getBarang()
 8 SYSTEMPATH\CodeIgniter.php(941): App\Controllers\Barang->index()
 9 SYSTEMPATH\CodeIgniter.php(502): CodeIgniter\CodeIgniter->runController(Object(App\Controllers\Barang))
10 SYSTEMPATH\CodeIgniter.php(361): CodeIgniter\CodeIgniter->handleRequest(null, Object(Config\Cache), false)
11 FCPATH\index.php(79): CodeIgniter\CodeIgniter->run()
12 SYSTEMPATH\Commands\Server\rewrite.php(47): require_once('C:\\xampp\\htdocs\\tugas-kelompok5\\public\\index.php')
CRITICAL - 2024-03-08 17:48:52 --> [Caused by] mysqli_sql_exception: Table 'kelompok5.barang' doesn't exist
in SYSTEMPATH\Database\MySQLi\Connection.php on line 306.
 1 SYSTEMPATH\Database\MySQLi\Connection.php(306): mysqli->query('SELECT *
FROM `barang`', 0)
 2 SYSTEMPATH\Database\BaseConnection.php(693): CodeIgniter\Database\MySQLi\Connection->execute('SELECT *
FROM `barang`')
 3 SYSTEMPATH\Database\BaseConnection.php(607): CodeIgniter\Database\BaseConnection->simpleQuery('SELECT *
FROM `barang`')
 4 SYSTEMPATH\Database\BaseBuilder.php(1616): CodeIgniter\Database\BaseConnection->query('SELECT *
FROM `barang`', [], false)
 5 SYSTEMPATH\Model.php(242): CodeIgniter\Database\BaseBuilder->get()
 6 SYSTEMPATH\BaseModel.php(638): CodeIgniter\Model->doFindAll(0, 0)
 7 APPPATH\Models\Barang_model.php(12): CodeIgniter\BaseModel->findAll()
 8 APPPATH\Controllers\Barang.php(12): App\Models\Barang_model->getBarang()
 9 SYSTEMPATH\CodeIgniter.php(941): App\Controllers\Barang->index()
10 SYSTEMPATH\CodeIgniter.php(502): CodeIgniter\CodeIgniter->runController(Object(App\Controllers\Barang))
11 SYSTEMPATH\CodeIgniter.php(361): CodeIgniter\CodeIgniter->handleRequest(null, Object(Config\Cache), false)
12 FCPATH\index.php(79): CodeIgniter\CodeIgniter->run()
13 SYSTEMPATH\Commands\Server\rewrite.php(47): require_once('C:\\xampp\\htdocs\\tugas-kelompok5\\public\\index.php')
ERROR - 2024-03-08 17:50:03 --> mysqli_sql_exception: Table 'kelompok5.barang' doesn't exist in C:\xampp\htdocs\tugas-kelompok5\vendor\codeigniter4\framework\system\Database\MySQLi\Connection.php:306
Stack trace:
#0 C:\xampp\htdocs\tugas-kelompok5\vendor\codeigniter4\framework\system\Database\MySQLi\Connection.php(306): mysqli->query('SELECT *\nFROM `...', 0)
#1 C:\xampp\htdocs\tugas-kelompok5\vendor\codeigniter4\framework\system\Database\BaseConnection.php(693): CodeIgniter\Database\MySQLi\Connection->execute('SELECT *\nFROM `...')
#2 C:\xampp\htdocs\tugas-kelompok5\vendor\codeigniter4\framework\system\Database\BaseConnection.php(607): CodeIgniter\Database\BaseConnection->simpleQuery('SELECT *\nFROM `...')
#3 C:\xampp\htdocs\tugas-kelompok5\vendor\codeigniter4\framework\system\Database\BaseBuilder.php(1616): CodeIgniter\Database\BaseConnection->query('SELECT *\nFROM `...', Array, false)
#4 C:\xampp\htdocs\tugas-kelompok5\vendor\codeigniter4\framework\system\Model.php(242): CodeIgniter\Database\BaseBuilder->get()
#5 C:\xampp\htdocs\tugas-kelompok5\vendor\codeigniter4\framework\system\BaseModel.php(638): CodeIgniter\Model->doFindAll(0, 0)
#6 C:\xampp\htdocs\tugas-kelompok5\app\Models\Barang_model.php(12): CodeIgniter\BaseModel->findAll()
#7 C:\xampp\htdocs\tugas-kelompok5\app\Controllers\Barang.php(12): App\Models\Barang_model->getBarang()
#8 C:\xampp\htdocs\tugas-kelompok5\vendor\codeigniter4\framework\system\CodeIgniter.php(941): App\Controllers\Barang->index()
#9 C:\xampp\htdocs\tugas-kelompok5\vendor\codeigniter4\framework\system\CodeIgniter.php(502): CodeIgniter\CodeIgniter->runController(Object(App\Controllers\Barang))
#10 C:\xampp\htdocs\tugas-kelompok5\vendor\codeigniter4\framework\system\CodeIgniter.php(361): CodeIgniter\CodeIgniter->handleRequest(NULL, Object(Config\Cache), false)
#11 C:\xampp\htdocs\tugas-kelompok5\public\index.php(79): CodeIgniter\CodeIgniter->run()
#12 C:\xampp\htdocs\tugas-kelompok5\vendor\codeigniter4\framework\system\Commands\Server\rewrite.php(47): require_once('C:\\xampp\\htdocs...')
#13 {main}
CRITICAL - 2024-03-08 17:50:03 --> CodeIgniter\Database\Exceptions\DatabaseException: Table 'kelompok5.barang' doesn't exist
in SYSTEMPATH\Database\BaseConnection.php on line 647.
 1 SYSTEMPATH\Database\BaseBuilder.php(1616): CodeIgniter\Database\BaseConnection->query('SELECT *
FROM `barang`', [], false)
 2 SYSTEMPATH\Model.php(242): CodeIgniter\Database\BaseBuilder->get()
 3 SYSTEMPATH\BaseModel.php(638): CodeIgniter\Model->doFindAll(0, 0)
 4 APPPATH\Models\Barang_model.php(12): CodeIgniter\BaseModel->findAll()
 5 APPPATH\Controllers\Barang.php(12): App\Models\Barang_model->getBarang()
 6 SYSTEMPATH\CodeIgniter.php(941): App\Controllers\Barang->index()
 7 SYSTEMPATH\CodeIgniter.php(502): CodeIgniter\CodeIgniter->runController(Object(App\Controllers\Barang))
 8 SYSTEMPATH\CodeIgniter.php(361): CodeIgniter\CodeIgniter->handleRequest(null, Object(Config\Cache), false)
 9 FCPATH\index.php(79): CodeIgniter\CodeIgniter->run()
10 SYSTEMPATH\Commands\Server\rewrite.php(47): require_once('C:\\xampp\\htdocs\\tugas-kelompok5\\public\\index.php')
CRITICAL - 2024-03-08 17:50:03 --> [Caused by] CodeIgniter\Database\Exceptions\DatabaseException: Table 'kelompok5.barang' doesn't exist
in SYSTEMPATH\Database\MySQLi\Connection.php on line 311.
 1 SYSTEMPATH\Database\BaseConnection.php(693): CodeIgniter\Database\MySQLi\Connection->execute('SELECT *
FROM `barang`')
 2 SYSTEMPATH\Database\BaseConnection.php(607): CodeIgniter\Database\BaseConnection->simpleQuery('SELECT *
FROM `barang`')
 3 SYSTEMPATH\Database\BaseBuilder.php(1616): CodeIgniter\Database\BaseConnection->query('SELECT *
FROM `barang`', [], false)
 4 SYSTEMPATH\Model.php(242): CodeIgniter\Database\BaseBuilder->get()
 5 SYSTEMPATH\BaseModel.php(638): CodeIgniter\Model->doFindAll(0, 0)
 6 APPPATH\Models\Barang_model.php(12): CodeIgniter\BaseModel->findAll()
 7 APPPATH\Controllers\Barang.php(12): App\Models\Barang_model->getBarang()
 8 SYSTEMPATH\CodeIgniter.php(941): App\Controllers\Barang->index()
 9 SYSTEMPATH\CodeIgniter.php(502): CodeIgniter\CodeIgniter->runController(Object(App\Controllers\Barang))
10 SYSTEMPATH\CodeIgniter.php(361): CodeIgniter\CodeIgniter->handleRequest(null, Object(Config\Cache), false)
11 FCPATH\index.php(79): CodeIgniter\CodeIgniter->run()
12 SYSTEMPATH\Commands\Server\rewrite.php(47): require_once('C:\\xampp\\htdocs\\tugas-kelompok5\\public\\index.php')
CRITICAL - 2024-03-08 17:50:03 --> [Caused by] mysqli_sql_exception: Table 'kelompok5.barang' doesn't exist
in SYSTEMPATH\Database\MySQLi\Connection.php on line 306.
 1 SYSTEMPATH\Database\MySQLi\Connection.php(306): mysqli->query('SELECT *
FROM `barang`', 0)
 2 SYSTEMPATH\Database\BaseConnection.php(693): CodeIgniter\Database\MySQLi\Connection->execute('SELECT *
FROM `barang`')
 3 SYSTEMPATH\Database\BaseConnection.php(607): CodeIgniter\Database\BaseConnection->simpleQuery('SELECT *
FROM `barang`')
 4 SYSTEMPATH\Database\BaseBuilder.php(1616): CodeIgniter\Database\BaseConnection->query('SELECT *
FROM `barang`', [], false)
 5 SYSTEMPATH\Model.php(242): CodeIgniter\Database\BaseBuilder->get()
 6 SYSTEMPATH\BaseModel.php(638): CodeIgniter\Model->doFindAll(0, 0)
 7 APPPATH\Models\Barang_model.php(12): CodeIgniter\BaseModel->findAll()
 8 APPPATH\Controllers\Barang.php(12): App\Models\Barang_model->getBarang()
 9 SYSTEMPATH\CodeIgniter.php(941): App\Controllers\Barang->index()
10 SYSTEMPATH\CodeIgniter.php(502): CodeIgniter\CodeIgniter->runController(Object(App\Controllers\Barang))
11 SYSTEMPATH\CodeIgniter.php(361): CodeIgniter\CodeIgniter->handleRequest(null, Object(Config\Cache), false)
12 FCPATH\index.php(79): CodeIgniter\CodeIgniter->run()
13 SYSTEMPATH\Commands\Server\rewrite.php(47): require_once('C:\\xampp\\htdocs\\tugas-kelompok5\\public\\index.php')
ERROR - 2024-03-08 17:50:31 --> mysqli_sql_exception: Table 'kelompok5.barang' doesn't exist in C:\xampp\htdocs\tugas-kelompok5\vendor\codeigniter4\framework\system\Database\MySQLi\Connection.php:306
Stack trace:
#0 C:\xampp\htdocs\tugas-kelompok5\vendor\codeigniter4\framework\system\Database\MySQLi\Connection.php(306): mysqli->query('SELECT *\nFROM `...', 0)
#1 C:\xampp\htdocs\tugas-kelompok5\vendor\codeigniter4\framework\system\Database\BaseConnection.php(693): CodeIgniter\Database\MySQLi\Connection->execute('SELECT *\nFROM `...')
#2 C:\xampp\htdocs\tugas-kelompok5\vendor\codeigniter4\framework\system\Database\BaseConnection.php(607): CodeIgniter\Database\BaseConnection->simpleQuery('SELECT *\nFROM `...')
#3 C:\xampp\htdocs\tugas-kelompok5\vendor\codeigniter4\framework\system\Database\BaseBuilder.php(1616): CodeIgniter\Database\BaseConnection->query('SELECT *\nFROM `...', Array, false)
#4 C:\xampp\htdocs\tugas-kelompok5\vendor\codeigniter4\framework\system\Model.php(242): CodeIgniter\Database\BaseBuilder->get()
#5 C:\xampp\htdocs\tugas-kelompok5\vendor\codeigniter4\framework\system\BaseModel.php(638): CodeIgniter\Model->doFindAll(0, 0)
#6 C:\xampp\htdocs\tugas-kelompok5\app\Models\Barang_model.php(12): CodeIgniter\BaseModel->findAll()
#7 C:\xampp\htdocs\tugas-kelompok5\app\Controllers\Barang.php(12): App\Models\Barang_model->getBarang()
#8 C:\xampp\htdocs\tugas-kelompok5\vendor\codeigniter4\framework\system\CodeIgniter.php(941): App\Controllers\Barang->index()
#9 C:\xampp\htdocs\tugas-kelompok5\vendor\codeigniter4\framework\system\CodeIgniter.php(502): CodeIgniter\CodeIgniter->runController(Object(App\Controllers\Barang))
#10 C:\xampp\htdocs\tugas-kelompok5\vendor\codeigniter4\framework\system\CodeIgniter.php(361): CodeIgniter\CodeIgniter->handleRequest(NULL, Object(Config\Cache), false)
#11 C:\xampp\htdocs\tugas-kelompok5\public\index.php(79): CodeIgniter\CodeIgniter->run()
#12 C:\xampp\htdocs\tugas-kelompok5\vendor\codeigniter4\framework\system\Commands\Server\rewrite.php(47): require_once('C:\\xampp\\htdocs...')
#13 {main}
CRITICAL - 2024-03-08 17:50:31 --> CodeIgniter\Database\Exceptions\DatabaseException: Table 'kelompok5.barang' doesn't exist
in SYSTEMPATH\Database\BaseConnection.php on line 647.
 1 SYSTEMPATH\Database\BaseBuilder.php(1616): CodeIgniter\Database\BaseConnection->query('SELECT *
FROM `barang`', [], false)
 2 SYSTEMPATH\Model.php(242): CodeIgniter\Database\BaseBuilder->get()
 3 SYSTEMPATH\BaseModel.php(638): CodeIgniter\Model->doFindAll(0, 0)
 4 APPPATH\Models\Barang_model.php(12): CodeIgniter\BaseModel->findAll()
 5 APPPATH\Controllers\Barang.php(12): App\Models\Barang_model->getBarang()
 6 SYSTEMPATH\CodeIgniter.php(941): App\Controllers\Barang->index()
 7 SYSTEMPATH\CodeIgniter.php(502): CodeIgniter\CodeIgniter->runController(Object(App\Controllers\Barang))
 8 SYSTEMPATH\CodeIgniter.php(361): CodeIgniter\CodeIgniter->handleRequest(null, Object(Config\Cache), false)
 9 FCPATH\index.php(79): CodeIgniter\CodeIgniter->run()
10 SYSTEMPATH\Commands\Server\rewrite.php(47): require_once('C:\\xampp\\htdocs\\tugas-kelompok5\\public\\index.php')
CRITICAL - 2024-03-08 17:50:31 --> [Caused by] CodeIgniter\Database\Exceptions\DatabaseException: Table 'kelompok5.barang' doesn't exist
in SYSTEMPATH\Database\MySQLi\Connection.php on line 311.
 1 SYSTEMPATH\Database\BaseConnection.php(693): CodeIgniter\Database\MySQLi\Connection->execute('SELECT *
FROM `barang`')
 2 SYSTEMPATH\Database\BaseConnection.php(607): CodeIgniter\Database\BaseConnection->simpleQuery('SELECT *
FROM `barang`')
 3 SYSTEMPATH\Database\BaseBuilder.php(1616): CodeIgniter\Database\BaseConnection->query('SELECT *
FROM `barang`', [], false)
 4 SYSTEMPATH\Model.php(242): CodeIgniter\Database\BaseBuilder->get()
 5 SYSTEMPATH\BaseModel.php(638): CodeIgniter\Model->doFindAll(0, 0)
 6 APPPATH\Models\Barang_model.php(12): CodeIgniter\BaseModel->findAll()
 7 APPPATH\Controllers\Barang.php(12): App\Models\Barang_model->getBarang()
 8 SYSTEMPATH\CodeIgniter.php(941): App\Controllers\Barang->index()
 9 SYSTEMPATH\CodeIgniter.php(502): CodeIgniter\CodeIgniter->runController(Object(App\Controllers\Barang))
10 SYSTEMPATH\CodeIgniter.php(361): CodeIgniter\CodeIgniter->handleRequest(null, Object(Config\Cache), false)
11 FCPATH\index.php(79): CodeIgniter\CodeIgniter->run()
12 SYSTEMPATH\Commands\Server\rewrite.php(47): require_once('C:\\xampp\\htdocs\\tugas-kelompok5\\public\\index.php')
CRITICAL - 2024-03-08 17:50:31 --> [Caused by] mysqli_sql_exception: Table 'kelompok5.barang' doesn't exist
in SYSTEMPATH\Database\MySQLi\Connection.php on line 306.
 1 SYSTEMPATH\Database\MySQLi\Connection.php(306): mysqli->query('SELECT *
FROM `barang`', 0)
 2 SYSTEMPATH\Database\BaseConnection.php(693): CodeIgniter\Database\MySQLi\Connection->execute('SELECT *
FROM `barang`')
 3 SYSTEMPATH\Database\BaseConnection.php(607): CodeIgniter\Database\BaseConnection->simpleQuery('SELECT *
FROM `barang`')
 4 SYSTEMPATH\Database\BaseBuilder.php(1616): CodeIgniter\Database\BaseConnection->query('SELECT *
FROM `barang`', [], false)
 5 SYSTEMPATH\Model.php(242): CodeIgniter\Database\BaseBuilder->get()
 6 SYSTEMPATH\BaseModel.php(638): CodeIgniter\Model->doFindAll(0, 0)
 7 APPPATH\Models\Barang_model.php(12): CodeIgniter\BaseModel->findAll()
 8 APPPATH\Controllers\Barang.php(12): App\Models\Barang_model->getBarang()
 9 SYSTEMPATH\CodeIgniter.php(941): App\Controllers\Barang->index()
10 SYSTEMPATH\CodeIgniter.php(502): CodeIgniter\CodeIgniter->runController(Object(App\Controllers\Barang))
11 SYSTEMPATH\CodeIgniter.php(361): CodeIgniter\CodeIgniter->handleRequest(null, Object(Config\Cache), false)
12 FCPATH\index.php(79): CodeIgniter\CodeIgniter->run()
13 SYSTEMPATH\Commands\Server\rewrite.php(47): require_once('C:\\xampp\\htdocs\\tugas-kelompok5\\public\\index.php')
ERROR - 2024-03-08 17:50:52 --> mysqli_sql_exception: Table 'kelompok5.barang' doesn't exist in C:\xampp\htdocs\tugas-kelompok5\vendor\codeigniter4\framework\system\Database\MySQLi\Connection.php:306
Stack trace:
#0 C:\xampp\htdocs\tugas-kelompok5\vendor\codeigniter4\framework\system\Database\MySQLi\Connection.php(306): mysqli->query('SELECT *\nFROM `...', 0)
#1 C:\xampp\htdocs\tugas-kelompok5\vendor\codeigniter4\framework\system\Database\BaseConnection.php(693): CodeIgniter\Database\MySQLi\Connection->execute('SELECT *\nFROM `...')
#2 C:\xampp\htdocs\tugas-kelompok5\vendor\codeigniter4\framework\system\Database\BaseConnection.php(607): CodeIgniter\Database\BaseConnection->simpleQuery('SELECT *\nFROM `...')
#3 C:\xampp\htdocs\tugas-kelompok5\vendor\codeigniter4\framework\system\Database\BaseBuilder.php(1616): CodeIgniter\Database\BaseConnection->query('SELECT *\nFROM `...', Array, false)
#4 C:\xampp\htdocs\tugas-kelompok5\vendor\codeigniter4\framework\system\Model.php(242): CodeIgniter\Database\BaseBuilder->get()
#5 C:\xampp\htdocs\tugas-kelompok5\vendor\codeigniter4\framework\system\BaseModel.php(638): CodeIgniter\Model->doFindAll(0, 0)
#6 C:\xampp\htdocs\tugas-kelompok5\app\Models\Barang_model.php(12): CodeIgniter\BaseModel->findAll()
#7 C:\xampp\htdocs\tugas-kelompok5\app\Controllers\Barang.php(12): App\Models\Barang_model->getBarang()
#8 C:\xampp\htdocs\tugas-kelompok5\vendor\codeigniter4\framework\system\CodeIgniter.php(941): App\Controllers\Barang->index()
#9 C:\xampp\htdocs\tugas-kelompok5\vendor\codeigniter4\framework\system\CodeIgniter.php(502): CodeIgniter\CodeIgniter->runController(Object(App\Controllers\Barang))
#10 C:\xampp\htdocs\tugas-kelompok5\vendor\codeigniter4\framework\system\CodeIgniter.php(361): CodeIgniter\CodeIgniter->handleRequest(NULL, Object(Config\Cache), false)
#11 C:\xampp\htdocs\tugas-kelompok5\public\index.php(79): CodeIgniter\CodeIgniter->run()
#12 C:\xampp\htdocs\tugas-kelompok5\vendor\codeigniter4\framework\system\Commands\Server\rewrite.php(47): require_once('C:\\xampp\\htdocs...')
#13 {main}
CRITICAL - 2024-03-08 17:50:52 --> CodeIgniter\Database\Exceptions\DatabaseException: Table 'kelompok5.barang' doesn't exist
in SYSTEMPATH\Database\BaseConnection.php on line 647.
 1 SYSTEMPATH\Database\BaseBuilder.php(1616): CodeIgniter\Database\BaseConnection->query('SELECT *
FROM `barang`', [], false)
 2 SYSTEMPATH\Model.php(242): CodeIgniter\Database\BaseBuilder->get()
 3 SYSTEMPATH\BaseModel.php(638): CodeIgniter\Model->doFindAll(0, 0)
 4 APPPATH\Models\Barang_model.php(12): CodeIgniter\BaseModel->findAll()
 5 APPPATH\Controllers\Barang.php(12): App\Models\Barang_model->getBarang()
 6 SYSTEMPATH\CodeIgniter.php(941): App\Controllers\Barang->index()
 7 SYSTEMPATH\CodeIgniter.php(502): CodeIgniter\CodeIgniter->runController(Object(App\Controllers\Barang))
 8 SYSTEMPATH\CodeIgniter.php(361): CodeIgniter\CodeIgniter->handleRequest(null, Object(Config\Cache), false)
 9 FCPATH\index.php(79): CodeIgniter\CodeIgniter->run()
10 SYSTEMPATH\Commands\Server\rewrite.php(47): require_once('C:\\xampp\\htdocs\\tugas-kelompok5\\public\\index.php')
CRITICAL - 2024-03-08 17:50:52 --> [Caused by] CodeIgniter\Database\Exceptions\DatabaseException: Table 'kelompok5.barang' doesn't exist
in SYSTEMPATH\Database\MySQLi\Connection.php on line 311.
 1 SYSTEMPATH\Database\BaseConnection.php(693): CodeIgniter\Database\MySQLi\Connection->execute('SELECT *
FROM `barang`')
 2 SYSTEMPATH\Database\BaseConnection.php(607): CodeIgniter\Database\BaseConnection->simpleQuery('SELECT *
FROM `barang`')
 3 SYSTEMPATH\Database\BaseBuilder.php(1616): CodeIgniter\Database\BaseConnection->query('SELECT *
FROM `barang`', [], false)
 4 SYSTEMPATH\Model.php(242): CodeIgniter\Database\BaseBuilder->get()
 5 SYSTEMPATH\BaseModel.php(638): CodeIgniter\Model->doFindAll(0, 0)
 6 APPPATH\Models\Barang_model.php(12): CodeIgniter\BaseModel->findAll()
 7 APPPATH\Controllers\Barang.php(12): App\Models\Barang_model->getBarang()
 8 SYSTEMPATH\CodeIgniter.php(941): App\Controllers\Barang->index()
 9 SYSTEMPATH\CodeIgniter.php(502): CodeIgniter\CodeIgniter->runController(Object(App\Controllers\Barang))
10 SYSTEMPATH\CodeIgniter.php(361): CodeIgniter\CodeIgniter->handleRequest(null, Object(Config\Cache), false)
11 FCPATH\index.php(79): CodeIgniter\CodeIgniter->run()
12 SYSTEMPATH\Commands\Server\rewrite.php(47): require_once('C:\\xampp\\htdocs\\tugas-kelompok5\\public\\index.php')
CRITICAL - 2024-03-08 17:50:52 --> [Caused by] mysqli_sql_exception: Table 'kelompok5.barang' doesn't exist
in SYSTEMPATH\Database\MySQLi\Connection.php on line 306.
 1 SYSTEMPATH\Database\MySQLi\Connection.php(306): mysqli->query('SELECT *
FROM `barang`', 0)
 2 SYSTEMPATH\Database\BaseConnection.php(693): CodeIgniter\Database\MySQLi\Connection->execute('SELECT *
FROM `barang`')
 3 SYSTEMPATH\Database\BaseConnection.php(607): CodeIgniter\Database\BaseConnection->simpleQuery('SELECT *
FROM `barang`')
 4 SYSTEMPATH\Database\BaseBuilder.php(1616): CodeIgniter\Database\BaseConnection->query('SELECT *
FROM `barang`', [], false)
 5 SYSTEMPATH\Model.php(242): CodeIgniter\Database\BaseBuilder->get()
 6 SYSTEMPATH\BaseModel.php(638): CodeIgniter\Model->doFindAll(0, 0)
 7 APPPATH\Models\Barang_model.php(12): CodeIgniter\BaseModel->findAll()
 8 APPPATH\Controllers\Barang.php(12): App\Models\Barang_model->getBarang()
 9 SYSTEMPATH\CodeIgniter.php(941): App\Controllers\Barang->index()
10 SYSTEMPATH\CodeIgniter.php(502): CodeIgniter\CodeIgniter->runController(Object(App\Controllers\Barang))
11 SYSTEMPATH\CodeIgniter.php(361): CodeIgniter\CodeIgniter->handleRequest(null, Object(Config\Cache), false)
12 FCPATH\index.php(79): CodeIgniter\CodeIgniter->run()
13 SYSTEMPATH\Commands\Server\rewrite.php(47): require_once('C:\\xampp\\htdocs\\tugas-kelompok5\\public\\index.php')
ERROR - 2024-03-08 17:51:33 --> mysqli_sql_exception: Table 'kelompok5.barang' doesn't exist in C:\xampp\htdocs\tugas-kelompok5\vendor\codeigniter4\framework\system\Database\MySQLi\Connection.php:306
Stack trace:
#0 C:\xampp\htdocs\tugas-kelompok5\vendor\codeigniter4\framework\system\Database\MySQLi\Connection.php(306): mysqli->query('SELECT *\nFROM `...', 0)
#1 C:\xampp\htdocs\tugas-kelompok5\vendor\codeigniter4\framework\system\Database\BaseConnection.php(693): CodeIgniter\Database\MySQLi\Connection->execute('SELECT *\nFROM `...')
#2 C:\xampp\htdocs\tugas-kelompok5\vendor\codeigniter4\framework\system\Database\BaseConnection.php(607): CodeIgniter\Database\BaseConnection->simpleQuery('SELECT *\nFROM `...')
#3 C:\xampp\htdocs\tugas-kelompok5\vendor\codeigniter4\framework\system\Database\BaseBuilder.php(1616): CodeIgniter\Database\BaseConnection->query('SELECT *\nFROM `...', Array, false)
#4 C:\xampp\htdocs\tugas-kelompok5\vendor\codeigniter4\framework\system\Model.php(242): CodeIgniter\Database\BaseBuilder->get()
#5 C:\xampp\htdocs\tugas-kelompok5\vendor\codeigniter4\framework\system\BaseModel.php(638): CodeIgniter\Model->doFindAll(0, 0)
#6 C:\xampp\htdocs\tugas-kelompok5\app\Models\Barang_model.php(12): CodeIgniter\BaseModel->findAll()
#7 C:\xampp\htdocs\tugas-kelompok5\app\Controllers\Barang.php(12): App\Models\Barang_model->getBarang()
#8 C:\xampp\htdocs\tugas-kelompok5\vendor\codeigniter4\framework\system\CodeIgniter.php(941): App\Controllers\Barang->index()
#9 C:\xampp\htdocs\tugas-kelompok5\vendor\codeigniter4\framework\system\CodeIgniter.php(502): CodeIgniter\CodeIgniter->runController(Object(App\Controllers\Barang))
#10 C:\xampp\htdocs\tugas-kelompok5\vendor\codeigniter4\framework\system\CodeIgniter.php(361): CodeIgniter\CodeIgniter->handleRequest(NULL, Object(Config\Cache), false)
#11 C:\xampp\htdocs\tugas-kelompok5\public\index.php(79): CodeIgniter\CodeIgniter->run()
#12 C:\xampp\htdocs\tugas-kelompok5\vendor\codeigniter4\framework\system\Commands\Server\rewrite.php(47): require_once('C:\\xampp\\htdocs...')
#13 {main}
CRITICAL - 2024-03-08 17:51:33 --> CodeIgniter\Database\Exceptions\DatabaseException: Table 'kelompok5.barang' doesn't exist
in SYSTEMPATH\Database\BaseConnection.php on line 647.
 1 SYSTEMPATH\Database\BaseBuilder.php(1616): CodeIgniter\Database\BaseConnection->query('SELECT *
FROM `barang`', [], false)
 2 SYSTEMPATH\Model.php(242): CodeIgniter\Database\BaseBuilder->get()
 3 SYSTEMPATH\BaseModel.php(638): CodeIgniter\Model->doFindAll(0, 0)
 4 APPPATH\Models\Barang_model.php(12): CodeIgniter\BaseModel->findAll()
 5 APPPATH\Controllers\Barang.php(12): App\Models\Barang_model->getBarang()
 6 SYSTEMPATH\CodeIgniter.php(941): App\Controllers\Barang->index()
 7 SYSTEMPATH\CodeIgniter.php(502): CodeIgniter\CodeIgniter->runController(Object(App\Controllers\Barang))
 8 SYSTEMPATH\CodeIgniter.php(361): CodeIgniter\CodeIgniter->handleRequest(null, Object(Config\Cache), false)
 9 FCPATH\index.php(79): CodeIgniter\CodeIgniter->run()
10 SYSTEMPATH\Commands\Server\rewrite.php(47): require_once('C:\\xampp\\htdocs\\tugas-kelompok5\\public\\index.php')
CRITICAL - 2024-03-08 17:51:33 --> [Caused by] CodeIgniter\Database\Exceptions\DatabaseException: Table 'kelompok5.barang' doesn't exist
in SYSTEMPATH\Database\MySQLi\Connection.php on line 311.
 1 SYSTEMPATH\Database\BaseConnection.php(693): CodeIgniter\Database\MySQLi\Connection->execute('SELECT *
FROM `barang`')
 2 SYSTEMPATH\Database\BaseConnection.php(607): CodeIgniter\Database\BaseConnection->simpleQuery('SELECT *
FROM `barang`')
 3 SYSTEMPATH\Database\BaseBuilder.php(1616): CodeIgniter\Database\BaseConnection->query('SELECT *
FROM `barang`', [], false)
 4 SYSTEMPATH\Model.php(242): CodeIgniter\Database\BaseBuilder->get()
 5 SYSTEMPATH\BaseModel.php(638): CodeIgniter\Model->doFindAll(0, 0)
 6 APPPATH\Models\Barang_model.php(12): CodeIgniter\BaseModel->findAll()
 7 APPPATH\Controllers\Barang.php(12): App\Models\Barang_model->getBarang()
 8 SYSTEMPATH\CodeIgniter.php(941): App\Controllers\Barang->index()
 9 SYSTEMPATH\CodeIgniter.php(502): CodeIgniter\CodeIgniter->runController(Object(App\Controllers\Barang))
10 SYSTEMPATH\CodeIgniter.php(361): CodeIgniter\CodeIgniter->handleRequest(null, Object(Config\Cache), false)
11 FCPATH\index.php(79): CodeIgniter\CodeIgniter->run()
12 SYSTEMPATH\Commands\Server\rewrite.php(47): require_once('C:\\xampp\\htdocs\\tugas-kelompok5\\public\\index.php')
CRITICAL - 2024-03-08 17:51:33 --> [Caused by] mysqli_sql_exception: Table 'kelompok5.barang' doesn't exist
in SYSTEMPATH\Database\MySQLi\Connection.php on line 306.
 1 SYSTEMPATH\Database\MySQLi\Connection.php(306): mysqli->query('SELECT *
FROM `barang`', 0)
 2 SYSTEMPATH\Database\BaseConnection.php(693): CodeIgniter\Database\MySQLi\Connection->execute('SELECT *
FROM `barang`')
 3 SYSTEMPATH\Database\BaseConnection.php(607): CodeIgniter\Database\BaseConnection->simpleQuery('SELECT *
FROM `barang`')
 4 SYSTEMPATH\Database\BaseBuilder.php(1616): CodeIgniter\Database\BaseConnection->query('SELECT *
FROM `barang`', [], false)
 5 SYSTEMPATH\Model.php(242): CodeIgniter\Database\BaseBuilder->get()
 6 SYSTEMPATH\BaseModel.php(638): CodeIgniter\Model->doFindAll(0, 0)
 7 APPPATH\Models\Barang_model.php(12): CodeIgniter\BaseModel->findAll()
 8 APPPATH\Controllers\Barang.php(12): App\Models\Barang_model->getBarang()
 9 SYSTEMPATH\CodeIgniter.php(941): App\Controllers\Barang->index()
10 SYSTEMPATH\CodeIgniter.php(502): CodeIgniter\CodeIgniter->runController(Object(App\Controllers\Barang))
11 SYSTEMPATH\CodeIgniter.php(361): CodeIgniter\CodeIgniter->handleRequest(null, Object(Config\Cache), false)
12 FCPATH\index.php(79): CodeIgniter\CodeIgniter->run()
13 SYSTEMPATH\Commands\Server\rewrite.php(47): require_once('C:\\xampp\\htdocs\\tugas-kelompok5\\public\\index.php')
ERROR - 2024-03-08 18:01:23 --> mysqli_sql_exception: Duplicate entry '0' for key 'PRIMARY' in C:\xampp\htdocs\tugas-kelompok5\vendor\codeigniter4\framework\system\Database\MySQLi\Connection.php:306
Stack trace:
#0 C:\xampp\htdocs\tugas-kelompok5\vendor\codeigniter4\framework\system\Database\MySQLi\Connection.php(306): mysqli->query('INSERT INTO `kr...', 0)
#1 C:\xampp\htdocs\tugas-kelompok5\vendor\codeigniter4\framework\system\Database\BaseConnection.php(693): CodeIgniter\Database\MySQLi\Connection->execute('INSERT INTO `kr...')
#2 C:\xampp\htdocs\tugas-kelompok5\vendor\codeigniter4\framework\system\Database\BaseConnection.php(607): CodeIgniter\Database\BaseConnection->simpleQuery('INSERT INTO `kr...')
#3 C:\xampp\htdocs\tugas-kelompok5\vendor\codeigniter4\framework\system\Database\BaseBuilder.php(2307): CodeIgniter\Database\BaseConnection->query('INSERT INTO `kr...', Array, false)
#4 C:\xampp\htdocs\tugas-kelompok5\app\Models\Krs_model.php(21): CodeIgniter\Database\BaseBuilder->insert(Array)
#5 C:\xampp\htdocs\tugas-kelompok5\app\Controllers\Krs.php(35): App\Models\Krs_model->saveKrs(Array)
#6 C:\xampp\htdocs\tugas-kelompok5\vendor\codeigniter4\framework\system\CodeIgniter.php(941): App\Controllers\Krs->add()
#7 C:\xampp\htdocs\tugas-kelompok5\vendor\codeigniter4\framework\system\CodeIgniter.php(502): CodeIgniter\CodeIgniter->runController(Object(App\Controllers\Krs))
#8 C:\xampp\htdocs\tugas-kelompok5\vendor\codeigniter4\framework\system\CodeIgniter.php(361): CodeIgniter\CodeIgniter->handleRequest(NULL, Object(Config\Cache), false)
#9 C:\xampp\htdocs\tugas-kelompok5\public\index.php(79): CodeIgniter\CodeIgniter->run()
#10 C:\xampp\htdocs\tugas-kelompok5\vendor\codeigniter4\framework\system\Commands\Server\rewrite.php(47): require_once('C:\\xampp\\htdocs...')
#11 {main}
CRITICAL - 2024-03-08 18:01:23 --> CodeIgniter\Database\Exceptions\DatabaseException: Duplicate entry '0' for key 'PRIMARY'
in SYSTEMPATH\Database\BaseConnection.php on line 647.
 1 SYSTEMPATH\Database\BaseBuilder.php(2307): CodeIgniter\Database\BaseConnection->query('INSERT INTO `krs` (`mahasiswa`, `program_studi`, `semester`, `mata_kuliah`) VALUES (:mahasiswa:, :program_studi:, :semester:, :mata_kuliah:)', [...], false)
 2 APPPATH\Models\Krs_model.php(21): CodeIgniter\Database\BaseBuilder->insert([...])
 3 APPPATH\Controllers\Krs.php(35): App\Models\Krs_model->saveKrs([...])
 4 SYSTEMPATH\CodeIgniter.php(941): App\Controllers\Krs->add()
 5 SYSTEMPATH\CodeIgniter.php(502): CodeIgniter\CodeIgniter->runController(Object(App\Controllers\Krs))
 6 SYSTEMPATH\CodeIgniter.php(361): CodeIgniter\CodeIgniter->handleRequest(null, Object(Config\Cache), false)
 7 FCPATH\index.php(79): CodeIgniter\CodeIgniter->run()
 8 SYSTEMPATH\Commands\Server\rewrite.php(47): require_once('C:\\xampp\\htdocs\\tugas-kelompok5\\public\\index.php')
CRITICAL - 2024-03-08 18:01:23 --> [Caused by] CodeIgniter\Database\Exceptions\DatabaseException: Duplicate entry '0' for key 'PRIMARY'
in SYSTEMPATH\Database\MySQLi\Connection.php on line 311.
 1 SYSTEMPATH\Database\BaseConnection.php(693): CodeIgniter\Database\MySQLi\Connection->execute('INSERT INTO `krs` (`mahasiswa`, `program_studi`, `semester`, `mata_kuliah`) VALUES (\'bb\', NULL, \'1\', \'dd\')')
 2 SYSTEMPATH\Database\BaseConnection.php(607): CodeIgniter\Database\BaseConnection->simpleQuery('INSERT INTO `krs` (`mahasiswa`, `program_studi`, `semester`, `mata_kuliah`) VALUES (\'bb\', NULL, \'1\', \'dd\')')
 3 SYSTEMPATH\Database\BaseBuilder.php(2307): CodeIgniter\Database\BaseConnection->query('INSERT INTO `krs` (`mahasiswa`, `program_studi`, `semester`, `mata_kuliah`) VALUES (:mahasiswa:, :program_studi:, :semester:, :mata_kuliah:)', [...], false)
 4 APPPATH\Models\Krs_model.php(21): CodeIgniter\Database\BaseBuilder->insert([...])
 5 APPPATH\Controllers\Krs.php(35): App\Models\Krs_model->saveKrs([...])
 6 SYSTEMPATH\CodeIgniter.php(941): App\Controllers\Krs->add()
 7 SYSTEMPATH\CodeIgniter.php(502): CodeIgniter\CodeIgniter->runController(Object(App\Controllers\Krs))
 8 SYSTEMPATH\CodeIgniter.php(361): CodeIgniter\CodeIgniter->handleRequest(null, Object(Config\Cache), false)
 9 FCPATH\index.php(79): CodeIgniter\CodeIgniter->run()
10 SYSTEMPATH\Commands\Server\rewrite.php(47): require_once('C:\\xampp\\htdocs\\tugas-kelompok5\\public\\index.php')
CRITICAL - 2024-03-08 18:01:23 --> [Caused by] mysqli_sql_exception: Duplicate entry '0' for key 'PRIMARY'
in SYSTEMPATH\Database\MySQLi\Connection.php on line 306.
 1 SYSTEMPATH\Database\MySQLi\Connection.php(306): mysqli->query('INSERT INTO `krs` (`mahasiswa`, `program_studi`, `semester`, `mata_kuliah`) VALUES (\'bb\', NULL, \'1\', \'dd\')', 0)
 2 SYSTEMPATH\Database\BaseConnection.php(693): CodeIgniter\Database\MySQLi\Connection->execute('INSERT INTO `krs` (`mahasiswa`, `program_studi`, `semester`, `mata_kuliah`) VALUES (\'bb\', NULL, \'1\', \'dd\')')
 3 SYSTEMPATH\Database\BaseConnection.php(607): CodeIgniter\Database\BaseConnection->simpleQuery('INSERT INTO `krs` (`mahasiswa`, `program_studi`, `semester`, `mata_kuliah`) VALUES (\'bb\', NULL, \'1\', \'dd\')')
 4 SYSTEMPATH\Database\BaseBuilder.php(2307): CodeIgniter\Database\BaseConnection->query('INSERT INTO `krs` (`mahasiswa`, `program_studi`, `semester`, `mata_kuliah`) VALUES (:mahasiswa:, :program_studi:, :semester:, :mata_kuliah:)', [...], false)
 5 APPPATH\Models\Krs_model.php(21): CodeIgniter\Database\BaseBuilder->insert([...])
 6 APPPATH\Controllers\Krs.php(35): App\Models\Krs_model->saveKrs([...])
 7 SYSTEMPATH\CodeIgniter.php(941): App\Controllers\Krs->add()
 8 SYSTEMPATH\CodeIgniter.php(502): CodeIgniter\CodeIgniter->runController(Object(App\Controllers\Krs))
 9 SYSTEMPATH\CodeIgniter.php(361): CodeIgniter\CodeIgniter->handleRequest(null, Object(Config\Cache), false)
10 FCPATH\index.php(79): CodeIgniter\CodeIgniter->run()
11 SYSTEMPATH\Commands\Server\rewrite.php(47): require_once('C:\\xampp\\htdocs\\tugas-kelompok5\\public\\index.php')
ERROR - 2024-03-08 18:01:48 --> mysqli_sql_exception: Duplicate entry '0' for key 'PRIMARY' in C:\xampp\htdocs\tugas-kelompok5\vendor\codeigniter4\framework\system\Database\MySQLi\Connection.php:306
Stack trace:
#0 C:\xampp\htdocs\tugas-kelompok5\vendor\codeigniter4\framework\system\Database\MySQLi\Connection.php(306): mysqli->query('INSERT INTO `kr...', 0)
#1 C:\xampp\htdocs\tugas-kelompok5\vendor\codeigniter4\framework\system\Database\BaseConnection.php(693): CodeIgniter\Database\MySQLi\Connection->execute('INSERT INTO `kr...')
#2 C:\xampp\htdocs\tugas-kelompok5\vendor\codeigniter4\framework\system\Database\BaseConnection.php(607): CodeIgniter\Database\BaseConnection->simpleQuery('INSERT INTO `kr...')
#3 C:\xampp\htdocs\tugas-kelompok5\vendor\codeigniter4\framework\system\Database\BaseBuilder.php(2307): CodeIgniter\Database\BaseConnection->query('INSERT INTO `kr...', Array, false)
#4 C:\xampp\htdocs\tugas-kelompok5\app\Models\Krs_model.php(21): CodeIgniter\Database\BaseBuilder->insert(Array)
#5 C:\xampp\htdocs\tugas-kelompok5\app\Controllers\Krs.php(35): App\Models\Krs_model->saveKrs(Array)
#6 C:\xampp\htdocs\tugas-kelompok5\vendor\codeigniter4\framework\system\CodeIgniter.php(941): App\Controllers\Krs->add()
#7 C:\xampp\htdocs\tugas-kelompok5\vendor\codeigniter4\framework\system\CodeIgniter.php(502): CodeIgniter\CodeIgniter->runController(Object(App\Controllers\Krs))
#8 C:\xampp\htdocs\tugas-kelompok5\vendor\codeigniter4\framework\system\CodeIgniter.php(361): CodeIgniter\CodeIgniter->handleRequest(NULL, Object(Config\Cache), false)
#9 C:\xampp\htdocs\tugas-kelompok5\public\index.php(79): CodeIgniter\CodeIgniter->run()
#10 C:\xampp\htdocs\tugas-kelompok5\vendor\codeigniter4\framework\system\Commands\Server\rewrite.php(47): require_once('C:\\xampp\\htdocs...')
#11 {main}
CRITICAL - 2024-03-08 18:01:48 --> CodeIgniter\Database\Exceptions\DatabaseException: Duplicate entry '0' for key 'PRIMARY'
in SYSTEMPATH\Database\BaseConnection.php on line 647.
 1 SYSTEMPATH\Database\BaseBuilder.php(2307): CodeIgniter\Database\BaseConnection->query('INSERT INTO `krs` (`mahasiswa`, `program_studi`, `semester`, `mata_kuliah`) VALUES (:mahasiswa:, :program_studi:, :semester:, :mata_kuliah:)', [...], false)
 2 APPPATH\Models\Krs_model.php(21): CodeIgniter\Database\BaseBuilder->insert([...])
 3 APPPATH\Controllers\Krs.php(35): App\Models\Krs_model->saveKrs([...])
 4 SYSTEMPATH\CodeIgniter.php(941): App\Controllers\Krs->add()
 5 SYSTEMPATH\CodeIgniter.php(502): CodeIgniter\CodeIgniter->runController(Object(App\Controllers\Krs))
 6 SYSTEMPATH\CodeIgniter.php(361): CodeIgniter\CodeIgniter->handleRequest(null, Object(Config\Cache), false)
 7 FCPATH\index.php(79): CodeIgniter\CodeIgniter->run()
 8 SYSTEMPATH\Commands\Server\rewrite.php(47): require_once('C:\\xampp\\htdocs\\tugas-kelompok5\\public\\index.php')
CRITICAL - 2024-03-08 18:01:48 --> [Caused by] CodeIgniter\Database\Exceptions\DatabaseException: Duplicate entry '0' for key 'PRIMARY'
in SYSTEMPATH\Database\MySQLi\Connection.php on line 311.
 1 SYSTEMPATH\Database\BaseConnection.php(693): CodeIgniter\Database\MySQLi\Connection->execute('INSERT INTO `krs` (`mahasiswa`, `program_studi`, `semester`, `mata_kuliah`) VALUES (\'bb\', NULL, \'1\', \'dd\')')
 2 SYSTEMPATH\Database\BaseConnection.php(607): CodeIgniter\Database\BaseConnection->simpleQuery('INSERT INTO `krs` (`mahasiswa`, `program_studi`, `semester`, `mata_kuliah`) VALUES (\'bb\', NULL, \'1\', \'dd\')')
 3 SYSTEMPATH\Database\BaseBuilder.php(2307): CodeIgniter\Database\BaseConnection->query('INSERT INTO `krs` (`mahasiswa`, `program_studi`, `semester`, `mata_kuliah`) VALUES (:mahasiswa:, :program_studi:, :semester:, :mata_kuliah:)', [...], false)
 4 APPPATH\Models\Krs_model.php(21): CodeIgniter\Database\BaseBuilder->insert([...])
 5 APPPATH\Controllers\Krs.php(35): App\Models\Krs_model->saveKrs([...])
 6 SYSTEMPATH\CodeIgniter.php(941): App\Controllers\Krs->add()
 7 SYSTEMPATH\CodeIgniter.php(502): CodeIgniter\CodeIgniter->runController(Object(App\Controllers\Krs))
 8 SYSTEMPATH\CodeIgniter.php(361): CodeIgniter\CodeIgniter->handleRequest(null, Object(Config\Cache), false)
 9 FCPATH\index.php(79): CodeIgniter\CodeIgniter->run()
10 SYSTEMPATH\Commands\Server\rewrite.php(47): require_once('C:\\xampp\\htdocs\\tugas-kelompok5\\public\\index.php')
CRITICAL - 2024-03-08 18:01:48 --> [Caused by] mysqli_sql_exception: Duplicate entry '0' for key 'PRIMARY'
in SYSTEMPATH\Database\MySQLi\Connection.php on line 306.
 1 SYSTEMPATH\Database\MySQLi\Connection.php(306): mysqli->query('INSERT INTO `krs` (`mahasiswa`, `program_studi`, `semester`, `mata_kuliah`) VALUES (\'bb\', NULL, \'1\', \'dd\')', 0)
 2 SYSTEMPATH\Database\BaseConnection.php(693): CodeIgniter\Database\MySQLi\Connection->execute('INSERT INTO `krs` (`mahasiswa`, `program_studi`, `semester`, `mata_kuliah`) VALUES (\'bb\', NULL, \'1\', \'dd\')')
 3 SYSTEMPATH\Database\BaseConnection.php(607): CodeIgniter\Database\BaseConnection->simpleQuery('INSERT INTO `krs` (`mahasiswa`, `program_studi`, `semester`, `mata_kuliah`) VALUES (\'bb\', NULL, \'1\', \'dd\')')
 4 SYSTEMPATH\Database\BaseBuilder.php(2307): CodeIgniter\Database\BaseConnection->query('INSERT INTO `krs` (`mahasiswa`, `program_studi`, `semester`, `mata_kuliah`) VALUES (:mahasiswa:, :program_studi:, :semester:, :mata_kuliah:)', [...], false)
 5 APPPATH\Models\Krs_model.php(21): CodeIgniter\Database\BaseBuilder->insert([...])
 6 APPPATH\Controllers\Krs.php(35): App\Models\Krs_model->saveKrs([...])
 7 SYSTEMPATH\CodeIgniter.php(941): App\Controllers\Krs->add()
 8 SYSTEMPATH\CodeIgniter.php(502): CodeIgniter\CodeIgniter->runController(Object(App\Controllers\Krs))
 9 SYSTEMPATH\CodeIgniter.php(361): CodeIgniter\CodeIgniter->handleRequest(null, Object(Config\Cache), false)
10 FCPATH\index.php(79): CodeIgniter\CodeIgniter->run()
11 SYSTEMPATH\Commands\Server\rewrite.php(47): require_once('C:\\xampp\\htdocs\\tugas-kelompok5\\public\\index.php')
ERROR - 2024-03-08 18:02:36 --> mysqli_sql_exception: Duplicate entry '0' for key 'PRIMARY' in C:\xampp\htdocs\tugas-kelompok5\vendor\codeigniter4\framework\system\Database\MySQLi\Connection.php:306
Stack trace:
#0 C:\xampp\htdocs\tugas-kelompok5\vendor\codeigniter4\framework\system\Database\MySQLi\Connection.php(306): mysqli->query('INSERT INTO `kr...', 0)
#1 C:\xampp\htdocs\tugas-kelompok5\vendor\codeigniter4\framework\system\Database\BaseConnection.php(693): CodeIgniter\Database\MySQLi\Connection->execute('INSERT INTO `kr...')
#2 C:\xampp\htdocs\tugas-kelompok5\vendor\codeigniter4\framework\system\Database\BaseConnection.php(607): CodeIgniter\Database\BaseConnection->simpleQuery('INSERT INTO `kr...')
#3 C:\xampp\htdocs\tugas-kelompok5\vendor\codeigniter4\framework\system\Database\BaseBuilder.php(2307): CodeIgniter\Database\BaseConnection->query('INSERT INTO `kr...', Array, false)
#4 C:\xampp\htdocs\tugas-kelompok5\app\Models\Krs_model.php(21): CodeIgniter\Database\BaseBuilder->insert(Array)
#5 C:\xampp\htdocs\tugas-kelompok5\app\Controllers\Krs.php(35): App\Models\Krs_model->saveKrs(Array)
#6 C:\xampp\htdocs\tugas-kelompok5\vendor\codeigniter4\framework\system\CodeIgniter.php(941): App\Controllers\Krs->add()
#7 C:\xampp\htdocs\tugas-kelompok5\vendor\codeigniter4\framework\system\CodeIgniter.php(502): CodeIgniter\CodeIgniter->runController(Object(App\Controllers\Krs))
#8 C:\xampp\htdocs\tugas-kelompok5\vendor\codeigniter4\framework\system\CodeIgniter.php(361): CodeIgniter\CodeIgniter->handleRequest(NULL, Object(Config\Cache), false)
#9 C:\xampp\htdocs\tugas-kelompok5\public\index.php(79): CodeIgniter\CodeIgniter->run()
#10 C:\xampp\htdocs\tugas-kelompok5\vendor\codeigniter4\framework\system\Commands\Server\rewrite.php(47): require_once('C:\\xampp\\htdocs...')
#11 {main}
CRITICAL - 2024-03-08 18:02:36 --> CodeIgniter\Database\Exceptions\DatabaseException: Duplicate entry '0' for key 'PRIMARY'
in SYSTEMPATH\Database\BaseConnection.php on line 647.
 1 SYSTEMPATH\Database\BaseBuilder.php(2307): CodeIgniter\Database\BaseConnection->query('INSERT INTO `krs` (`mahasiswa`, `program_studi`, `semester`, `mata_kuliah`) VALUES (:mahasiswa:, :program_studi:, :semester:, :mata_kuliah:)', [...], false)
 2 APPPATH\Models\Krs_model.php(21): CodeIgniter\Database\BaseBuilder->insert([...])
 3 APPPATH\Controllers\Krs.php(35): App\Models\Krs_model->saveKrs([...])
 4 SYSTEMPATH\CodeIgniter.php(941): App\Controllers\Krs->add()
 5 SYSTEMPATH\CodeIgniter.php(502): CodeIgniter\CodeIgniter->runController(Object(App\Controllers\Krs))
 6 SYSTEMPATH\CodeIgniter.php(361): CodeIgniter\CodeIgniter->handleRequest(null, Object(Config\Cache), false)
 7 FCPATH\index.php(79): CodeIgniter\CodeIgniter->run()
 8 SYSTEMPATH\Commands\Server\rewrite.php(47): require_once('C:\\xampp\\htdocs\\tugas-kelompok5\\public\\index.php')
CRITICAL - 2024-03-08 18:02:36 --> [Caused by] CodeIgniter\Database\Exceptions\DatabaseException: Duplicate entry '0' for key 'PRIMARY'
in SYSTEMPATH\Database\MySQLi\Connection.php on line 311.
 1 SYSTEMPATH\Database\BaseConnection.php(693): CodeIgniter\Database\MySQLi\Connection->execute('INSERT INTO `krs` (`mahasiswa`, `program_studi`, `semester`, `mata_kuliah`) VALUES (\'bb\', NULL, \'2\', \'qw\')')
 2 SYSTEMPATH\Database\BaseConnection.php(607): CodeIgniter\Database\BaseConnection->simpleQuery('INSERT INTO `krs` (`mahasiswa`, `program_studi`, `semester`, `mata_kuliah`) VALUES (\'bb\', NULL, \'2\', \'qw\')')
 3 SYSTEMPATH\Database\BaseBuilder.php(2307): CodeIgniter\Database\BaseConnection->query('INSERT INTO `krs` (`mahasiswa`, `program_studi`, `semester`, `mata_kuliah`) VALUES (:mahasiswa:, :program_studi:, :semester:, :mata_kuliah:)', [...], false)
 4 APPPATH\Models\Krs_model.php(21): CodeIgniter\Database\BaseBuilder->insert([...])
 5 APPPATH\Controllers\Krs.php(35): App\Models\Krs_model->saveKrs([...])
 6 SYSTEMPATH\CodeIgniter.php(941): App\Controllers\Krs->add()
 7 SYSTEMPATH\CodeIgniter.php(502): CodeIgniter\CodeIgniter->runController(Object(App\Controllers\Krs))
 8 SYSTEMPATH\CodeIgniter.php(361): CodeIgniter\CodeIgniter->handleRequest(null, Object(Config\Cache), false)
 9 FCPATH\index.php(79): CodeIgniter\CodeIgniter->run()
10 SYSTEMPATH\Commands\Server\rewrite.php(47): require_once('C:\\xampp\\htdocs\\tugas-kelompok5\\public\\index.php')
CRITICAL - 2024-03-08 18:02:36 --> [Caused by] mysqli_sql_exception: Duplicate entry '0' for key 'PRIMARY'
in SYSTEMPATH\Database\MySQLi\Connection.php on line 306.
 1 SYSTEMPATH\Database\MySQLi\Connection.php(306): mysqli->query('INSERT INTO `krs` (`mahasiswa`, `program_studi`, `semester`, `mata_kuliah`) VALUES (\'bb\', NULL, \'2\', \'qw\')', 0)
 2 SYSTEMPATH\Database\BaseConnection.php(693): CodeIgniter\Database\MySQLi\Connection->execute('INSERT INTO `krs` (`mahasiswa`, `program_studi`, `semester`, `mata_kuliah`) VALUES (\'bb\', NULL, \'2\', \'qw\')')
 3 SYSTEMPATH\Database\BaseConnection.php(607): CodeIgniter\Database\BaseConnection->simpleQuery('INSERT INTO `krs` (`mahasiswa`, `program_studi`, `semester`, `mata_kuliah`) VALUES (\'bb\', NULL, \'2\', \'qw\')')
 4 SYSTEMPATH\Database\BaseBuilder.php(2307): CodeIgniter\Database\BaseConnection->query('INSERT INTO `krs` (`mahasiswa`, `program_studi`, `semester`, `mata_kuliah`) VALUES (:mahasiswa:, :program_studi:, :semester:, :mata_kuliah:)', [...], false)
 5 APPPATH\Models\Krs_model.php(21): CodeIgniter\Database\BaseBuilder->insert([...])
 6 APPPATH\Controllers\Krs.php(35): App\Models\Krs_model->saveKrs([...])
 7 SYSTEMPATH\CodeIgniter.php(941): App\Controllers\Krs->add()
 8 SYSTEMPATH\CodeIgniter.php(502): CodeIgniter\CodeIgniter->runController(Object(App\Controllers\Krs))
 9 SYSTEMPATH\CodeIgniter.php(361): CodeIgniter\CodeIgniter->handleRequest(null, Object(Config\Cache), false)
10 FCPATH\index.php(79): CodeIgniter\CodeIgniter->run()
11 SYSTEMPATH\Commands\Server\rewrite.php(47): require_once('C:\\xampp\\htdocs\\tugas-kelompok5\\public\\index.php')
ERROR - 2024-03-08 18:14:22 --> mysqli_sql_exception: Duplicate entry '0' for key 'PRIMARY' in C:\xampp\htdocs\tugas-kelompok5\vendor\codeigniter4\framework\system\Database\MySQLi\Connection.php:306
Stack trace:
#0 C:\xampp\htdocs\tugas-kelompok5\vendor\codeigniter4\framework\system\Database\MySQLi\Connection.php(306): mysqli->query('INSERT INTO `kr...', 0)
#1 C:\xampp\htdocs\tugas-kelompok5\vendor\codeigniter4\framework\system\Database\BaseConnection.php(693): CodeIgniter\Database\MySQLi\Connection->execute('INSERT INTO `kr...')
#2 C:\xampp\htdocs\tugas-kelompok5\vendor\codeigniter4\framework\system\Database\BaseConnection.php(607): CodeIgniter\Database\BaseConnection->simpleQuery('INSERT INTO `kr...')
#3 C:\xampp\htdocs\tugas-kelompok5\vendor\codeigniter4\framework\system\Database\BaseBuilder.php(2307): CodeIgniter\Database\BaseConnection->query('INSERT INTO `kr...', Array, false)
#4 C:\xampp\htdocs\tugas-kelompok5\app\Models\Krs_model.php(21): CodeIgniter\Database\BaseBuilder->insert(Array)
#5 C:\xampp\htdocs\tugas-kelompok5\app\Controllers\Krs.php(35): App\Models\Krs_model->saveKrs(Array)
#6 C:\xampp\htdocs\tugas-kelompok5\vendor\codeigniter4\framework\system\CodeIgniter.php(941): App\Controllers\Krs->add()
#7 C:\xampp\htdocs\tugas-kelompok5\vendor\codeigniter4\framework\system\CodeIgniter.php(502): CodeIgniter\CodeIgniter->runController(Object(App\Controllers\Krs))
#8 C:\xampp\htdocs\tugas-kelompok5\vendor\codeigniter4\framework\system\CodeIgniter.php(361): CodeIgniter\CodeIgniter->handleRequest(NULL, Object(Config\Cache), false)
#9 C:\xampp\htdocs\tugas-kelompok5\public\index.php(79): CodeIgniter\CodeIgniter->run()
#10 C:\xampp\htdocs\tugas-kelompok5\vendor\codeigniter4\framework\system\Commands\Server\rewrite.php(47): require_once('C:\\xampp\\htdocs...')
#11 {main}
CRITICAL - 2024-03-08 18:14:22 --> CodeIgniter\Database\Exceptions\DatabaseException: Duplicate entry '0' for key 'PRIMARY'
in SYSTEMPATH\Database\BaseConnection.php on line 647.
 1 SYSTEMPATH\Database\BaseBuilder.php(2307): CodeIgniter\Database\BaseConnection->query('INSERT INTO `krs` (`mahasiswa`, `program_studi`, `semester`, `mata_kuliah`) VALUES (:mahasiswa:, :program_studi:, :semester:, :mata_kuliah:)', [...], false)
 2 APPPATH\Models\Krs_model.php(21): CodeIgniter\Database\BaseBuilder->insert([...])
 3 APPPATH\Controllers\Krs.php(35): App\Models\Krs_model->saveKrs([...])
 4 SYSTEMPATH\CodeIgniter.php(941): App\Controllers\Krs->add()
 5 SYSTEMPATH\CodeIgniter.php(502): CodeIgniter\CodeIgniter->runController(Object(App\Controllers\Krs))
 6 SYSTEMPATH\CodeIgniter.php(361): CodeIgniter\CodeIgniter->handleRequest(null, Object(Config\Cache), false)
 7 FCPATH\index.php(79): CodeIgniter\CodeIgniter->run()
 8 SYSTEMPATH\Commands\Server\rewrite.php(47): require_once('C:\\xampp\\htdocs\\tugas-kelompok5\\public\\index.php')
CRITICAL - 2024-03-08 18:14:22 --> [Caused by] CodeIgniter\Database\Exceptions\DatabaseException: Duplicate entry '0' for key 'PRIMARY'
in SYSTEMPATH\Database\MySQLi\Connection.php on line 311.
 1 SYSTEMPATH\Database\BaseConnection.php(693): CodeIgniter\Database\MySQLi\Connection->execute('INSERT INTO `krs` (`mahasiswa`, `program_studi`, `semester`, `mata_kuliah`) VALUES (\'fikri\', NULL, \'4\', \'pemrograman web\')')
 2 SYSTEMPATH\Database\BaseConnection.php(607): CodeIgniter\Database\BaseConnection->simpleQuery('INSERT INTO `krs` (`mahasiswa`, `program_studi`, `semester`, `mata_kuliah`) VALUES (\'fikri\', NULL, \'4\', \'pemrograman web\')')
 3 SYSTEMPATH\Database\BaseBuilder.php(2307): CodeIgniter\Database\BaseConnection->query('INSERT INTO `krs` (`mahasiswa`, `program_studi`, `semester`, `mata_kuliah`) VALUES (:mahasiswa:, :program_studi:, :semester:, :mata_kuliah:)', [...], false)
 4 APPPATH\Models\Krs_model.php(21): CodeIgniter\Database\BaseBuilder->insert([...])
 5 APPPATH\Controllers\Krs.php(35): App\Models\Krs_model->saveKrs([...])
 6 SYSTEMPATH\CodeIgniter.php(941): App\Controllers\Krs->add()
 7 SYSTEMPATH\CodeIgniter.php(502): CodeIgniter\CodeIgniter->runController(Object(App\Controllers\Krs))
 8 SYSTEMPATH\CodeIgniter.php(361): CodeIgniter\CodeIgniter->handleRequest(null, Object(Config\Cache), false)
 9 FCPATH\index.php(79): CodeIgniter\CodeIgniter->run()
10 SYSTEMPATH\Commands\Server\rewrite.php(47): require_once('C:\\xampp\\htdocs\\tugas-kelompok5\\public\\index.php')
CRITICAL - 2024-03-08 18:14:22 --> [Caused by] mysqli_sql_exception: Duplicate entry '0' for key 'PRIMARY'
in SYSTEMPATH\Database\MySQLi\Connection.php on line 306.
 1 SYSTEMPATH\Database\MySQLi\Connection.php(306): mysqli->query('INSERT INTO `krs` (`mahasiswa`, `program_studi`, `semester`, `mata_kuliah`) VALUES (\'fikri\', NULL, \'4\', \'pemrograman web\')', 0)
 2 SYSTEMPATH\Database\BaseConnection.php(693): CodeIgniter\Database\MySQLi\Connection->execute('INSERT INTO `krs` (`mahasiswa`, `program_studi`, `semester`, `mata_kuliah`) VALUES (\'fikri\', NULL, \'4\', \'pemrograman web\')')
 3 SYSTEMPATH\Database\BaseConnection.php(607): CodeIgniter\Database\BaseConnection->simpleQuery('INSERT INTO `krs` (`mahasiswa`, `program_studi`, `semester`, `mata_kuliah`) VALUES (\'fikri\', NULL, \'4\', \'pemrograman web\')')
 4 SYSTEMPATH\Database\BaseBuilder.php(2307): CodeIgniter\Database\BaseConnection->query('INSERT INTO `krs` (`mahasiswa`, `program_studi`, `semester`, `mata_kuliah`) VALUES (:mahasiswa:, :program_studi:, :semester:, :mata_kuliah:)', [...], false)
 5 APPPATH\Models\Krs_model.php(21): CodeIgniter\Database\BaseBuilder->insert([...])
 6 APPPATH\Controllers\Krs.php(35): App\Models\Krs_model->saveKrs([...])
 7 SYSTEMPATH\CodeIgniter.php(941): App\Controllers\Krs->add()
 8 SYSTEMPATH\CodeIgniter.php(502): CodeIgniter\CodeIgniter->runController(Object(App\Controllers\Krs))
 9 SYSTEMPATH\CodeIgniter.php(361): CodeIgniter\CodeIgniter->handleRequest(null, Object(Config\Cache), false)
10 FCPATH\index.php(79): CodeIgniter\CodeIgniter->run()
11 SYSTEMPATH\Commands\Server\rewrite.php(47): require_once('C:\\xampp\\htdocs\\tugas-kelompok5\\public\\index.php')
ERROR - 2024-03-08 18:15:52 --> mysqli_sql_exception: Duplicate entry '0' for key 'PRIMARY' in C:\xampp\htdocs\tugas-kelompok5\vendor\codeigniter4\framework\system\Database\MySQLi\Connection.php:306
Stack trace:
#0 C:\xampp\htdocs\tugas-kelompok5\vendor\codeigniter4\framework\system\Database\MySQLi\Connection.php(306): mysqli->query('INSERT INTO `kr...', 0)
#1 C:\xampp\htdocs\tugas-kelompok5\vendor\codeigniter4\framework\system\Database\BaseConnection.php(693): CodeIgniter\Database\MySQLi\Connection->execute('INSERT INTO `kr...')
#2 C:\xampp\htdocs\tugas-kelompok5\vendor\codeigniter4\framework\system\Database\BaseConnection.php(607): CodeIgniter\Database\BaseConnection->simpleQuery('INSERT INTO `kr...')
#3 C:\xampp\htdocs\tugas-kelompok5\vendor\codeigniter4\framework\system\Database\BaseBuilder.php(2307): CodeIgniter\Database\BaseConnection->query('INSERT INTO `kr...', Array, false)
#4 C:\xampp\htdocs\tugas-kelompok5\app\Models\Krs_model.php(21): CodeIgniter\Database\BaseBuilder->insert(Array)
#5 C:\xampp\htdocs\tugas-kelompok5\app\Controllers\Krs.php(35): App\Models\Krs_model->saveKrs(Array)
#6 C:\xampp\htdocs\tugas-kelompok5\vendor\codeigniter4\framework\system\CodeIgniter.php(941): App\Controllers\Krs->add()
#7 C:\xampp\htdocs\tugas-kelompok5\vendor\codeigniter4\framework\system\CodeIgniter.php(502): CodeIgniter\CodeIgniter->runController(Object(App\Controllers\Krs))
#8 C:\xampp\htdocs\tugas-kelompok5\vendor\codeigniter4\framework\system\CodeIgniter.php(361): CodeIgniter\CodeIgniter->handleRequest(NULL, Object(Config\Cache), false)
#9 C:\xampp\htdocs\tugas-kelompok5\public\index.php(79): CodeIgniter\CodeIgniter->run()
#10 C:\xampp\htdocs\tugas-kelompok5\vendor\codeigniter4\framework\system\Commands\Server\rewrite.php(47): require_once('C:\\xampp\\htdocs...')
#11 {main}
CRITICAL - 2024-03-08 18:15:52 --> CodeIgniter\Database\Exceptions\DatabaseException: Duplicate entry '0' for key 'PRIMARY'
in SYSTEMPATH\Database\BaseConnection.php on line 647.
 1 SYSTEMPATH\Database\BaseBuilder.php(2307): CodeIgniter\Database\BaseConnection->query('INSERT INTO `krs` (`mahasiswa`, `program_studi`, `semester`, `mata_kuliah`) VALUES (:mahasiswa:, :program_studi:, :semester:, :mata_kuliah:)', [...], false)
 2 APPPATH\Models\Krs_model.php(21): CodeIgniter\Database\BaseBuilder->insert([...])
 3 APPPATH\Controllers\Krs.php(35): App\Models\Krs_model->saveKrs([...])
 4 SYSTEMPATH\CodeIgniter.php(941): App\Controllers\Krs->add()
 5 SYSTEMPATH\CodeIgniter.php(502): CodeIgniter\CodeIgniter->runController(Object(App\Controllers\Krs))
 6 SYSTEMPATH\CodeIgniter.php(361): CodeIgniter\CodeIgniter->handleRequest(null, Object(Config\Cache), false)
 7 FCPATH\index.php(79): CodeIgniter\CodeIgniter->run()
 8 SYSTEMPATH\Commands\Server\rewrite.php(47): require_once('C:\\xampp\\htdocs\\tugas-kelompok5\\public\\index.php')
CRITICAL - 2024-03-08 18:15:52 --> [Caused by] CodeIgniter\Database\Exceptions\DatabaseException: Duplicate entry '0' for key 'PRIMARY'
in SYSTEMPATH\Database\MySQLi\Connection.php on line 311.
 1 SYSTEMPATH\Database\BaseConnection.php(693): CodeIgniter\Database\MySQLi\Connection->execute('INSERT INTO `krs` (`mahasiswa`, `program_studi`, `semester`, `mata_kuliah`) VALUES (\'fikri\', \'informatika\', \'2\', \'pemrograman web\')')
 2 SYSTEMPATH\Database\BaseConnection.php(607): CodeIgniter\Database\BaseConnection->simpleQuery('INSERT INTO `krs` (`mahasiswa`, `program_studi`, `semester`, `mata_kuliah`) VALUES (\'fikri\', \'informatika\', \'2\', \'pemrograman web\')')
 3 SYSTEMPATH\Database\BaseBuilder.php(2307): CodeIgniter\Database\BaseConnection->query('INSERT INTO `krs` (`mahasiswa`, `program_studi`, `semester`, `mata_kuliah`) VALUES (:mahasiswa:, :program_studi:, :semester:, :mata_kuliah:)', [...], false)
 4 APPPATH\Models\Krs_model.php(21): CodeIgniter\Database\BaseBuilder->insert([...])
 5 APPPATH\Controllers\Krs.php(35): App\Models\Krs_model->saveKrs([...])
 6 SYSTEMPATH\CodeIgniter.php(941): App\Controllers\Krs->add()
 7 SYSTEMPATH\CodeIgniter.php(502): CodeIgniter\CodeIgniter->runController(Object(App\Controllers\Krs))
 8 SYSTEMPATH\CodeIgniter.php(361): CodeIgniter\CodeIgniter->handleRequest(null, Object(Config\Cache), false)
 9 FCPATH\index.php(79): CodeIgniter\CodeIgniter->run()
10 SYSTEMPATH\Commands\Server\rewrite.php(47): require_once('C:\\xampp\\htdocs\\tugas-kelompok5\\public\\index.php')
CRITICAL - 2024-03-08 18:15:52 --> [Caused by] mysqli_sql_exception: Duplicate entry '0' for key 'PRIMARY'
in SYSTEMPATH\Database\MySQLi\Connection.php on line 306.
 1 SYSTEMPATH\Database\MySQLi\Connection.php(306): mysqli->query('INSERT INTO `krs` (`mahasiswa`, `program_studi`, `semester`, `mata_kuliah`) VALUES (\'fikri\', \'informatika\', \'2\', \'pemrograman web\')', 0)
 2 SYSTEMPATH\Database\BaseConnection.php(693): CodeIgniter\Database\MySQLi\Connection->execute('INSERT INTO `krs` (`mahasiswa`, `program_studi`, `semester`, `mata_kuliah`) VALUES (\'fikri\', \'informatika\', \'2\', \'pemrograman web\')')
 3 SYSTEMPATH\Database\BaseConnection.php(607): CodeIgniter\Database\BaseConnection->simpleQuery('INSERT INTO `krs` (`mahasiswa`, `program_studi`, `semester`, `mata_kuliah`) VALUES (\'fikri\', \'informatika\', \'2\', \'pemrograman web\')')
 4 SYSTEMPATH\Database\BaseBuilder.php(2307): CodeIgniter\Database\BaseConnection->query('INSERT INTO `krs` (`mahasiswa`, `program_studi`, `semester`, `mata_kuliah`) VALUES (:mahasiswa:, :program_studi:, :semester:, :mata_kuliah:)', [...], false)
 5 APPPATH\Models\Krs_model.php(21): CodeIgniter\Database\BaseBuilder->insert([...])
 6 APPPATH\Controllers\Krs.php(35): App\Models\Krs_model->saveKrs([...])
 7 SYSTEMPATH\CodeIgniter.php(941): App\Controllers\Krs->add()
 8 SYSTEMPATH\CodeIgniter.php(502): CodeIgniter\CodeIgniter->runController(Object(App\Controllers\Krs))
 9 SYSTEMPATH\CodeIgniter.php(361): CodeIgniter\CodeIgniter->handleRequest(null, Object(Config\Cache), false)
10 FCPATH\index.php(79): CodeIgniter\CodeIgniter->run()
11 SYSTEMPATH\Commands\Server\rewrite.php(47): require_once('C:\\xampp\\htdocs\\tugas-kelompok5\\public\\index.php')
ERROR - 2024-03-08 18:22:00 --> mysqli_sql_exception: Duplicate entry '0' for key 'PRIMARY' in C:\xampp\htdocs\tugas-kelompok5\vendor\codeigniter4\framework\system\Database\MySQLi\Connection.php:306
Stack trace:
#0 C:\xampp\htdocs\tugas-kelompok5\vendor\codeigniter4\framework\system\Database\MySQLi\Connection.php(306): mysqli->query('INSERT INTO `kr...', 0)
#1 C:\xampp\htdocs\tugas-kelompok5\vendor\codeigniter4\framework\system\Database\BaseConnection.php(693): CodeIgniter\Database\MySQLi\Connection->execute('INSERT INTO `kr...')
#2 C:\xampp\htdocs\tugas-kelompok5\vendor\codeigniter4\framework\system\Database\BaseConnection.php(607): CodeIgniter\Database\BaseConnection->simpleQuery('INSERT INTO `kr...')
#3 C:\xampp\htdocs\tugas-kelompok5\vendor\codeigniter4\framework\system\Database\BaseBuilder.php(2307): CodeIgniter\Database\BaseConnection->query('INSERT INTO `kr...', Array, false)
#4 C:\xampp\htdocs\tugas-kelompok5\app\Models\Krs_model.php(21): CodeIgniter\Database\BaseBuilder->insert(Array)
#5 C:\xampp\htdocs\tugas-kelompok5\app\Controllers\Krs.php(35): App\Models\Krs_model->saveKrs(Array)
#6 C:\xampp\htdocs\tugas-kelompok5\vendor\codeigniter4\framework\system\CodeIgniter.php(941): App\Controllers\Krs->add()
#7 C:\xampp\htdocs\tugas-kelompok5\vendor\codeigniter4\framework\system\CodeIgniter.php(502): CodeIgniter\CodeIgniter->runController(Object(App\Controllers\Krs))
#8 C:\xampp\htdocs\tugas-kelompok5\vendor\codeigniter4\framework\system\CodeIgniter.php(361): CodeIgniter\CodeIgniter->handleRequest(NULL, Object(Config\Cache), false)
#9 C:\xampp\htdocs\tugas-kelompok5\public\index.php(79): CodeIgniter\CodeIgniter->run()
#10 C:\xampp\htdocs\tugas-kelompok5\vendor\codeigniter4\framework\system\Commands\Server\rewrite.php(47): require_once('C:\\xampp\\htdocs...')
#11 {main}
CRITICAL - 2024-03-08 18:22:00 --> CodeIgniter\Database\Exceptions\DatabaseException: Duplicate entry '0' for key 'PRIMARY'
in SYSTEMPATH\Database\BaseConnection.php on line 647.
 1 SYSTEMPATH\Database\BaseBuilder.php(2307): CodeIgniter\Database\BaseConnection->query('INSERT INTO `krs` (`mahasiswa`, `program_studi`, `semester`, `mata_kuliah`) VALUES (:mahasiswa:, :program_studi:, :semester:, :mata_kuliah:)', [...], false)
 2 APPPATH\Models\Krs_model.php(21): CodeIgniter\Database\BaseBuilder->insert([...])
 3 APPPATH\Controllers\Krs.php(35): App\Models\Krs_model->saveKrs([...])
 4 SYSTEMPATH\CodeIgniter.php(941): App\Controllers\Krs->add()
 5 SYSTEMPATH\CodeIgniter.php(502): CodeIgniter\CodeIgniter->runController(Object(App\Controllers\Krs))
 6 SYSTEMPATH\CodeIgniter.php(361): CodeIgniter\CodeIgniter->handleRequest(null, Object(Config\Cache), false)
 7 FCPATH\index.php(79): CodeIgniter\CodeIgniter->run()
 8 SYSTEMPATH\Commands\Server\rewrite.php(47): require_once('C:\\xampp\\htdocs\\tugas-kelompok5\\public\\index.php')
CRITICAL - 2024-03-08 18:22:00 --> [Caused by] CodeIgniter\Database\Exceptions\DatabaseException: Duplicate entry '0' for key 'PRIMARY'
in SYSTEMPATH\Database\MySQLi\Connection.php on line 311.
 1 SYSTEMPATH\Database\BaseConnection.php(693): CodeIgniter\Database\MySQLi\Connection->execute('INSERT INTO `krs` (`mahasiswa`, `program_studi`, `semester`, `mata_kuliah`) VALUES (\'aa\', \'informatika\', \'2\', \'dd\')')
 2 SYSTEMPATH\Database\BaseConnection.php(607): CodeIgniter\Database\BaseConnection->simpleQuery('INSERT INTO `krs` (`mahasiswa`, `program_studi`, `semester`, `mata_kuliah`) VALUES (\'aa\', \'informatika\', \'2\', \'dd\')')
 3 SYSTEMPATH\Database\BaseBuilder.php(2307): CodeIgniter\Database\BaseConnection->query('INSERT INTO `krs` (`mahasiswa`, `program_studi`, `semester`, `mata_kuliah`) VALUES (:mahasiswa:, :program_studi:, :semester:, :mata_kuliah:)', [...], false)
 4 APPPATH\Models\Krs_model.php(21): CodeIgniter\Database\BaseBuilder->insert([...])
 5 APPPATH\Controllers\Krs.php(35): App\Models\Krs_model->saveKrs([...])
 6 SYSTEMPATH\CodeIgniter.php(941): App\Controllers\Krs->add()
 7 SYSTEMPATH\CodeIgniter.php(502): CodeIgniter\CodeIgniter->runController(Object(App\Controllers\Krs))
 8 SYSTEMPATH\CodeIgniter.php(361): CodeIgniter\CodeIgniter->handleRequest(null, Object(Config\Cache), false)
 9 FCPATH\index.php(79): CodeIgniter\CodeIgniter->run()
10 SYSTEMPATH\Commands\Server\rewrite.php(47): require_once('C:\\xampp\\htdocs\\tugas-kelompok5\\public\\index.php')
CRITICAL - 2024-03-08 18:22:00 --> [Caused by] mysqli_sql_exception: Duplicate entry '0' for key 'PRIMARY'
in SYSTEMPATH\Database\MySQLi\Connection.php on line 306.
 1 SYSTEMPATH\Database\MySQLi\Connection.php(306): mysqli->query('INSERT INTO `krs` (`mahasiswa`, `program_studi`, `semester`, `mata_kuliah`) VALUES (\'aa\', \'informatika\', \'2\', \'dd\')', 0)
 2 SYSTEMPATH\Database\BaseConnection.php(693): CodeIgniter\Database\MySQLi\Connection->execute('INSERT INTO `krs` (`mahasiswa`, `program_studi`, `semester`, `mata_kuliah`) VALUES (\'aa\', \'informatika\', \'2\', \'dd\')')
 3 SYSTEMPATH\Database\BaseConnection.php(607): CodeIgniter\Database\BaseConnection->simpleQuery('INSERT INTO `krs` (`mahasiswa`, `program_studi`, `semester`, `mata_kuliah`) VALUES (\'aa\', \'informatika\', \'2\', \'dd\')')
 4 SYSTEMPATH\Database\BaseBuilder.php(2307): CodeIgniter\Database\BaseConnection->query('INSERT INTO `krs` (`mahasiswa`, `program_studi`, `semester`, `mata_kuliah`) VALUES (:mahasiswa:, :program_studi:, :semester:, :mata_kuliah:)', [...], false)
 5 APPPATH\Models\Krs_model.php(21): CodeIgniter\Database\BaseBuilder->insert([...])
 6 APPPATH\Controllers\Krs.php(35): App\Models\Krs_model->saveKrs([...])
 7 SYSTEMPATH\CodeIgniter.php(941): App\Controllers\Krs->add()
 8 SYSTEMPATH\CodeIgniter.php(502): CodeIgniter\CodeIgniter->runController(Object(App\Controllers\Krs))
 9 SYSTEMPATH\CodeIgniter.php(361): CodeIgniter\CodeIgniter->handleRequest(null, Object(Config\Cache), false)
10 FCPATH\index.php(79): CodeIgniter\CodeIgniter->run()
11 SYSTEMPATH\Commands\Server\rewrite.php(47): require_once('C:\\xampp\\htdocs\\tugas-kelompok5\\public\\index.php')
